[2022-03-30T19:48:41,973][INFO ][o.e.e.NodeEnvironment    ] [LtYlqLW] using [1] data paths, mounts [[Windows (C:)]], net usable_space [69.2gb], net total_space [475.6gb], types [NTFS]
[2022-03-30T19:48:41,976][INFO ][o.e.e.NodeEnvironment    ] [LtYlqLW] heap size [2gb], compressed ordinary object pointers [true]
[2022-03-30T19:48:41,979][INFO ][o.e.n.Node               ] [LtYlqLW] node name derived from node ID [LtYlqLWlRjC_OHodwqFxBA]; set [node.name] to override
[2022-03-30T19:48:41,979][INFO ][o.e.n.Node               ] [LtYlqLW] version[6.8.8-SNAPSHOT], pid[6156], build[unknown/unknown/Unknown/Unknown], OS[Windows 10/10.0/amd64], JVM[Oracle Corporation/OpenJDK 64-Bit Server VM/12/12+32]
[2022-03-30T19:48:41,980][INFO ][o.e.n.Node               ] [LtYlqLW] JVM arguments [-Des.path.conf=C:\github\es6.8.8\elasticsearch-6.8.8\home\config, -Des.path.home=C:\github\es6.8.8\elasticsearch-6.8.8\home, -Djava.security.policy=C:\github\es6.8.8\elasticsearch-6.8.8\home\config\java.policy, -Dlog4j2.disable.jmx=true, -agentlib:jdwp=transport=dt_socket,server=n,suspend=y,address=3499, -Xms2g, -Xmx2g, -Dfile.encoding=utf-8, -Duser.country=CN, -Duser.language=zh, -Duser.variant]
[2022-03-30T19:48:41,980][WARN ][o.e.n.Node               ] [LtYlqLW] version [6.8.8-SNAPSHOT] is a pre-release version of Elasticsearch and is not suitable for production
[2022-03-30T19:48:54,345][INFO ][o.e.p.PluginsService     ] [LtYlqLW] loaded module [aggs-matrix-stats]
[2022-03-30T19:48:54,346][INFO ][o.e.p.PluginsService     ] [LtYlqLW] loaded module [analysis-common]
[2022-03-30T19:48:54,346][INFO ][o.e.p.PluginsService     ] [LtYlqLW] loaded module [ingest-common]
[2022-03-30T19:48:54,346][INFO ][o.e.p.PluginsService     ] [LtYlqLW] loaded module [ingest-geoip]
[2022-03-30T19:48:54,346][INFO ][o.e.p.PluginsService     ] [LtYlqLW] loaded module [ingest-user-agent]
[2022-03-30T19:48:54,346][INFO ][o.e.p.PluginsService     ] [LtYlqLW] loaded module [lang-expression]
[2022-03-30T19:48:54,346][INFO ][o.e.p.PluginsService     ] [LtYlqLW] loaded module [lang-mustache]
[2022-03-30T19:48:54,346][INFO ][o.e.p.PluginsService     ] [LtYlqLW] loaded module [lang-painless]
[2022-03-30T19:48:54,346][INFO ][o.e.p.PluginsService     ] [LtYlqLW] loaded module [mapper-extras]
[2022-03-30T19:48:54,346][INFO ][o.e.p.PluginsService     ] [LtYlqLW] loaded module [parent-join]
[2022-03-30T19:48:54,346][INFO ][o.e.p.PluginsService     ] [LtYlqLW] loaded module [percolator]
[2022-03-30T19:48:54,346][INFO ][o.e.p.PluginsService     ] [LtYlqLW] loaded module [rank-eval]
[2022-03-30T19:48:54,347][INFO ][o.e.p.PluginsService     ] [LtYlqLW] loaded module [reindex]
[2022-03-30T19:48:54,347][INFO ][o.e.p.PluginsService     ] [LtYlqLW] loaded module [repository-url]
[2022-03-30T19:48:54,347][INFO ][o.e.p.PluginsService     ] [LtYlqLW] loaded module [transport-netty4]
[2022-03-30T19:48:54,347][INFO ][o.e.p.PluginsService     ] [LtYlqLW] loaded module [tribe]
[2022-03-30T19:48:54,347][INFO ][o.e.p.PluginsService     ] [LtYlqLW] loaded module [x-pack-ccr]
[2022-03-30T19:48:54,347][INFO ][o.e.p.PluginsService     ] [LtYlqLW] loaded module [x-pack-core]
[2022-03-30T19:48:54,347][INFO ][o.e.p.PluginsService     ] [LtYlqLW] loaded module [x-pack-deprecation]
[2022-03-30T19:48:54,347][INFO ][o.e.p.PluginsService     ] [LtYlqLW] loaded module [x-pack-graph]
[2022-03-30T19:48:54,348][INFO ][o.e.p.PluginsService     ] [LtYlqLW] loaded module [x-pack-ilm]
[2022-03-30T19:48:54,348][INFO ][o.e.p.PluginsService     ] [LtYlqLW] loaded module [x-pack-logstash]
[2022-03-30T19:48:54,348][INFO ][o.e.p.PluginsService     ] [LtYlqLW] loaded module [x-pack-ml]
[2022-03-30T19:48:54,348][INFO ][o.e.p.PluginsService     ] [LtYlqLW] loaded module [x-pack-monitoring]
[2022-03-30T19:48:54,348][INFO ][o.e.p.PluginsService     ] [LtYlqLW] loaded module [x-pack-rollup]
[2022-03-30T19:48:54,348][INFO ][o.e.p.PluginsService     ] [LtYlqLW] loaded module [x-pack-security]
[2022-03-30T19:48:54,348][INFO ][o.e.p.PluginsService     ] [LtYlqLW] loaded module [x-pack-sql]
[2022-03-30T19:48:54,349][INFO ][o.e.p.PluginsService     ] [LtYlqLW] loaded module [x-pack-upgrade]
[2022-03-30T19:48:54,349][INFO ][o.e.p.PluginsService     ] [LtYlqLW] loaded module [x-pack-watcher]
[2022-03-30T19:48:54,349][INFO ][o.e.p.PluginsService     ] [LtYlqLW] no plugins loaded
[2022-03-30T19:48:55,091][INFO ][i.n.u.i.PlatformDependent] [LtYlqLW] Your platform does not provide complete low-level API for accessing direct buffers reliably. Unless explicitly requested, heap buffer will always be preferred to avoid potential system instability.
[2022-03-30T19:48:57,717][INFO ][o.e.x.s.a.s.FileRolesStore] [LtYlqLW] parsed [0] roles from file [C:\github\es6.8.8\elasticsearch-6.8.8\home\config\roles.yml]
[2022-03-30T19:48:57,904][INFO ][i.n.u.i.PlatformDependent] [LtYlqLW] Your platform does not provide complete low-level API for accessing direct buffers reliably. Unless explicitly requested, heap buffer will always be preferred to avoid potential system instability.
[2022-03-30T19:48:58,435][INFO ][o.e.x.m.p.l.CppLogMessageHandler] [LtYlqLW] [controller/1864] [Main.cc@109] controller (64 bit): Version 6.8.8-SNAPSHOT (Build 398321ce7838fd) Copyright (c) 2020 Elasticsearch BV
[2022-03-30T19:48:59,072][DEBUG][o.e.a.ActionModule       ] [LtYlqLW] Using REST wrapper from plugin org.elasticsearch.xpack.security.Security
[2022-03-30T19:48:59,274][INFO ][o.e.d.DiscoveryModule    ] [LtYlqLW] using discovery type [zen] and host providers [settings]
[2022-03-30T19:49:00,152][INFO ][o.e.n.Node               ] [LtYlqLW] initialized
[2022-03-30T19:49:00,152][INFO ][o.e.n.Node               ] [LtYlqLW] starting ...
[2022-03-30T19:49:02,617][INFO ][o.e.t.TransportService   ] [LtYlqLW] publish_address {127.0.0.1:9300}, bound_addresses {127.0.0.1:9300}, {[::1]:9300}
[2022-03-30T19:49:05,684][INFO ][o.e.c.s.MasterService    ] [LtYlqLW] zen-disco-elected-as-master ([0] nodes joined), reason: new_master {LtYlqLW}{LtYlqLWlRjC_OHodwqFxBA}{mW6qcHLOQOms8WjkixvW-A}{127.0.0.1}{127.0.0.1:9300}{ml.machine_memory=68441223168, xpack.installed=true, ml.max_open_jobs=20, ml.enabled=true}
[2022-03-30T19:49:05,690][INFO ][o.e.c.s.ClusterApplierService] [LtYlqLW] new_master {LtYlqLW}{LtYlqLWlRjC_OHodwqFxBA}{mW6qcHLOQOms8WjkixvW-A}{127.0.0.1}{127.0.0.1:9300}{ml.machine_memory=68441223168, xpack.installed=true, ml.max_open_jobs=20, ml.enabled=true}, reason: apply cluster state (from master [master {LtYlqLW}{LtYlqLWlRjC_OHodwqFxBA}{mW6qcHLOQOms8WjkixvW-A}{127.0.0.1}{127.0.0.1:9300}{ml.machine_memory=68441223168, xpack.installed=true, ml.max_open_jobs=20, ml.enabled=true} committed version [1] source [zen-disco-elected-as-master ([0] nodes joined)]])
[2022-03-30T19:49:05,746][WARN ][o.e.x.s.a.s.m.NativeRoleMappingStore] [LtYlqLW] Failed to clear cache for realms [[]]
[2022-03-30T19:49:05,781][INFO ][o.e.g.GatewayService     ] [LtYlqLW] recovered [0] indices into cluster_state
[2022-03-30T19:49:05,916][INFO ][o.e.c.m.MetaDataIndexTemplateService] [LtYlqLW] adding template [.watch-history-9] for index patterns [.watcher-history-9*]
[2022-03-30T19:49:05,949][INFO ][o.e.c.m.MetaDataIndexTemplateService] [LtYlqLW] adding template [.triggered_watches] for index patterns [.triggered_watches*]
[2022-03-30T19:49:05,981][INFO ][o.e.c.m.MetaDataIndexTemplateService] [LtYlqLW] adding template [.watches] for index patterns [.watches*]
[2022-03-30T19:49:06,013][INFO ][o.e.c.m.MetaDataIndexTemplateService] [LtYlqLW] adding template [.monitoring-logstash] for index patterns [.monitoring-logstash-6-*]
[2022-03-30T19:49:06,053][INFO ][o.e.c.m.MetaDataIndexTemplateService] [LtYlqLW] adding template [.monitoring-es] for index patterns [.monitoring-es-6-*]
[2022-03-30T19:49:06,082][INFO ][o.e.c.m.MetaDataIndexTemplateService] [LtYlqLW] adding template [.monitoring-alerts] for index patterns [.monitoring-alerts-6]
[2022-03-30T19:49:06,117][INFO ][o.e.c.m.MetaDataIndexTemplateService] [LtYlqLW] adding template [.monitoring-beats] for index patterns [.monitoring-beats-6-*]
[2022-03-30T19:49:06,145][INFO ][o.e.c.m.MetaDataIndexTemplateService] [LtYlqLW] adding template [.monitoring-kibana] for index patterns [.monitoring-kibana-6-*]
[2022-03-30T19:49:06,226][INFO ][o.e.l.LicenseService     ] [LtYlqLW] license [3b0959f0-b4e0-45ad-9439-f5e21049efc1] mode [basic] - valid
[2022-03-30T19:49:07,001][INFO ][o.e.h.n.Netty4HttpServerTransport] [LtYlqLW] publish_address {127.0.0.1:9200}, bound_addresses {127.0.0.1:9200}, {[::1]:9200}
[2022-03-30T19:49:07,001][INFO ][o.e.n.Node               ] [LtYlqLW] started
[2022-03-30T19:49:35,725][INFO ][o.e.c.r.a.DiskThresholdMonitor] [LtYlqLW] low disk watermark [85%] exceeded on [LtYlqLWlRjC_OHodwqFxBA][LtYlqLW][C:\github\es6.8.8\elasticsearch-6.8.8\home\data\nodes\0] free: 69.2gb[14.5%], replicas will not be assigned to this node
[2022-03-30T19:50:06,788][INFO ][o.e.c.r.a.DiskThresholdMonitor] [LtYlqLW] low disk watermark [85%] exceeded on [LtYlqLWlRjC_OHodwqFxBA][LtYlqLW][C:\github\es6.8.8\elasticsearch-6.8.8\home\data\nodes\0] free: 69.2gb[14.5%], replicas will not be assigned to this node
[2022-03-30T19:50:36,791][INFO ][o.e.c.r.a.DiskThresholdMonitor] [LtYlqLW] low disk watermark [85%] exceeded on [LtYlqLWlRjC_OHodwqFxBA][LtYlqLW][C:\github\es6.8.8\elasticsearch-6.8.8\home\data\nodes\0] free: 69.2gb[14.5%], replicas will not be assigned to this node
[2022-03-30T19:51:06,796][INFO ][o.e.c.r.a.DiskThresholdMonitor] [LtYlqLW] low disk watermark [85%] exceeded on [LtYlqLWlRjC_OHodwqFxBA][LtYlqLW][C:\github\es6.8.8\elasticsearch-6.8.8\home\data\nodes\0] free: 69.2gb[14.5%], replicas will not be assigned to this node
[2022-03-30T19:51:36,800][INFO ][o.e.c.r.a.DiskThresholdMonitor] [LtYlqLW] low disk watermark [85%] exceeded on [LtYlqLWlRjC_OHodwqFxBA][LtYlqLW][C:\github\es6.8.8\elasticsearch-6.8.8\home\data\nodes\0] free: 69.2gb[14.5%], replicas will not be assigned to this node
[2022-03-30T19:52:06,805][INFO ][o.e.c.r.a.DiskThresholdMonitor] [LtYlqLW] low disk watermark [85%] exceeded on [LtYlqLWlRjC_OHodwqFxBA][LtYlqLW][C:\github\es6.8.8\elasticsearch-6.8.8\home\data\nodes\0] free: 69.2gb[14.5%], replicas will not be assigned to this node
[2022-03-30T19:52:36,815][INFO ][o.e.c.r.a.DiskThresholdMonitor] [LtYlqLW] low disk watermark [85%] exceeded on [LtYlqLWlRjC_OHodwqFxBA][LtYlqLW][C:\github\es6.8.8\elasticsearch-6.8.8\home\data\nodes\0] free: 69.2gb[14.5%], replicas will not be assigned to this node
[2022-03-30T19:53:06,817][INFO ][o.e.c.r.a.DiskThresholdMonitor] [LtYlqLW] low disk watermark [85%] exceeded on [LtYlqLWlRjC_OHodwqFxBA][LtYlqLW][C:\github\es6.8.8\elasticsearch-6.8.8\home\data\nodes\0] free: 69.2gb[14.5%], replicas will not be assigned to this node
[2022-03-30T19:53:36,835][INFO ][o.e.c.r.a.DiskThresholdMonitor] [LtYlqLW] low disk watermark [85%] exceeded on [LtYlqLWlRjC_OHodwqFxBA][LtYlqLW][C:\github\es6.8.8\elasticsearch-6.8.8\home\data\nodes\0] free: 69.2gb[14.5%], replicas will not be assigned to this node
[2022-03-30T19:54:06,849][INFO ][o.e.c.r.a.DiskThresholdMonitor] [LtYlqLW] low disk watermark [85%] exceeded on [LtYlqLWlRjC_OHodwqFxBA][LtYlqLW][C:\github\es6.8.8\elasticsearch-6.8.8\home\data\nodes\0] free: 69.2gb[14.5%], replicas will not be assigned to this node
[2022-03-30T19:54:36,863][INFO ][o.e.c.r.a.DiskThresholdMonitor] [LtYlqLW] low disk watermark [85%] exceeded on [LtYlqLWlRjC_OHodwqFxBA][LtYlqLW][C:\github\es6.8.8\elasticsearch-6.8.8\home\data\nodes\0] free: 69.2gb[14.5%], replicas will not be assigned to this node
[2022-03-30T19:55:06,872][INFO ][o.e.c.r.a.DiskThresholdMonitor] [LtYlqLW] low disk watermark [85%] exceeded on [LtYlqLWlRjC_OHodwqFxBA][LtYlqLW][C:\github\es6.8.8\elasticsearch-6.8.8\home\data\nodes\0] free: 69.2gb[14.5%], replicas will not be assigned to this node
[2022-03-30T19:55:36,889][INFO ][o.e.c.r.a.DiskThresholdMonitor] [LtYlqLW] low disk watermark [85%] exceeded on [LtYlqLWlRjC_OHodwqFxBA][LtYlqLW][C:\github\es6.8.8\elasticsearch-6.8.8\home\data\nodes\0] free: 69.2gb[14.5%], replicas will not be assigned to this node
[2022-03-30T19:56:06,893][INFO ][o.e.c.r.a.DiskThresholdMonitor] [LtYlqLW] low disk watermark [85%] exceeded on [LtYlqLWlRjC_OHodwqFxBA][LtYlqLW][C:\github\es6.8.8\elasticsearch-6.8.8\home\data\nodes\0] free: 69.2gb[14.5%], replicas will not be assigned to this node
[2022-03-30T19:56:36,904][INFO ][o.e.c.r.a.DiskThresholdMonitor] [LtYlqLW] low disk watermark [85%] exceeded on [LtYlqLWlRjC_OHodwqFxBA][LtYlqLW][C:\github\es6.8.8\elasticsearch-6.8.8\home\data\nodes\0] free: 69.2gb[14.5%], replicas will not be assigned to this node
[2022-03-30T19:57:06,918][INFO ][o.e.c.r.a.DiskThresholdMonitor] [LtYlqLW] low disk watermark [85%] exceeded on [LtYlqLWlRjC_OHodwqFxBA][LtYlqLW][C:\github\es6.8.8\elasticsearch-6.8.8\home\data\nodes\0] free: 69.2gb[14.5%], replicas will not be assigned to this node
[2022-03-30T19:57:36,927][INFO ][o.e.c.r.a.DiskThresholdMonitor] [LtYlqLW] low disk watermark [85%] exceeded on [LtYlqLWlRjC_OHodwqFxBA][LtYlqLW][C:\github\es6.8.8\elasticsearch-6.8.8\home\data\nodes\0] free: 69.2gb[14.5%], replicas will not be assigned to this node
[2022-03-30T19:58:06,932][INFO ][o.e.c.r.a.DiskThresholdMonitor] [LtYlqLW] low disk watermark [85%] exceeded on [LtYlqLWlRjC_OHodwqFxBA][LtYlqLW][C:\github\es6.8.8\elasticsearch-6.8.8\home\data\nodes\0] free: 69.2gb[14.5%], replicas will not be assigned to this node
[2022-03-30T19:58:36,943][INFO ][o.e.c.r.a.DiskThresholdMonitor] [LtYlqLW] low disk watermark [85%] exceeded on [LtYlqLWlRjC_OHodwqFxBA][LtYlqLW][C:\github\es6.8.8\elasticsearch-6.8.8\home\data\nodes\0] free: 69.2gb[14.5%], replicas will not be assigned to this node
[2022-03-30T19:59:06,955][INFO ][o.e.c.r.a.DiskThresholdMonitor] [LtYlqLW] low disk watermark [85%] exceeded on [LtYlqLWlRjC_OHodwqFxBA][LtYlqLW][C:\github\es6.8.8\elasticsearch-6.8.8\home\data\nodes\0] free: 69.2gb[14.5%], replicas will not be assigned to this node
[2022-03-30T19:59:36,958][INFO ][o.e.c.r.a.DiskThresholdMonitor] [LtYlqLW] low disk watermark [85%] exceeded on [LtYlqLWlRjC_OHodwqFxBA][LtYlqLW][C:\github\es6.8.8\elasticsearch-6.8.8\home\data\nodes\0] free: 69.2gb[14.5%], replicas will not be assigned to this node
[2022-03-30T20:00:06,964][INFO ][o.e.c.r.a.DiskThresholdMonitor] [LtYlqLW] low disk watermark [85%] exceeded on [LtYlqLWlRjC_OHodwqFxBA][LtYlqLW][C:\github\es6.8.8\elasticsearch-6.8.8\home\data\nodes\0] free: 69.2gb[14.5%], replicas will not be assigned to this node
[2022-03-30T20:00:36,966][INFO ][o.e.c.r.a.DiskThresholdMonitor] [LtYlqLW] low disk watermark [85%] exceeded on [LtYlqLWlRjC_OHodwqFxBA][LtYlqLW][C:\github\es6.8.8\elasticsearch-6.8.8\home\data\nodes\0] free: 69.1gb[14.5%], replicas will not be assigned to this node
[2022-03-30T20:01:06,968][INFO ][o.e.c.r.a.DiskThresholdMonitor] [LtYlqLW] low disk watermark [85%] exceeded on [LtYlqLWlRjC_OHodwqFxBA][LtYlqLW][C:\github\es6.8.8\elasticsearch-6.8.8\home\data\nodes\0] free: 68.9gb[14.5%], replicas will not be assigned to this node
[2022-03-30T20:01:36,970][INFO ][o.e.c.r.a.DiskThresholdMonitor] [LtYlqLW] low disk watermark [85%] exceeded on [LtYlqLWlRjC_OHodwqFxBA][LtYlqLW][C:\github\es6.8.8\elasticsearch-6.8.8\home\data\nodes\0] free: 68.9gb[14.4%], replicas will not be assigned to this node
[2022-03-30T20:02:06,974][INFO ][o.e.c.r.a.DiskThresholdMonitor] [LtYlqLW] low disk watermark [85%] exceeded on [LtYlqLWlRjC_OHodwqFxBA][LtYlqLW][C:\github\es6.8.8\elasticsearch-6.8.8\home\data\nodes\0] free: 68.9gb[14.4%], replicas will not be assigned to this node
[2022-03-30T20:02:36,977][INFO ][o.e.c.r.a.DiskThresholdMonitor] [LtYlqLW] low disk watermark [85%] exceeded on [LtYlqLWlRjC_OHodwqFxBA][LtYlqLW][C:\github\es6.8.8\elasticsearch-6.8.8\home\data\nodes\0] free: 68.9gb[14.4%], replicas will not be assigned to this node
[2022-03-30T20:03:06,978][INFO ][o.e.c.r.a.DiskThresholdMonitor] [LtYlqLW] low disk watermark [85%] exceeded on [LtYlqLWlRjC_OHodwqFxBA][LtYlqLW][C:\github\es6.8.8\elasticsearch-6.8.8\home\data\nodes\0] free: 68.9gb[14.4%], replicas will not be assigned to this node
[2022-03-30T20:03:36,994][INFO ][o.e.c.r.a.DiskThresholdMonitor] [LtYlqLW] low disk watermark [85%] exceeded on [LtYlqLWlRjC_OHodwqFxBA][LtYlqLW][C:\github\es6.8.8\elasticsearch-6.8.8\home\data\nodes\0] free: 68.9gb[14.4%], replicas will not be assigned to this node
[2022-03-30T20:04:07,011][INFO ][o.e.c.r.a.DiskThresholdMonitor] [LtYlqLW] low disk watermark [85%] exceeded on [LtYlqLWlRjC_OHodwqFxBA][LtYlqLW][C:\github\es6.8.8\elasticsearch-6.8.8\home\data\nodes\0] free: 68.9gb[14.4%], replicas will not be assigned to this node
[2022-03-30T20:04:37,016][INFO ][o.e.c.r.a.DiskThresholdMonitor] [LtYlqLW] low disk watermark [85%] exceeded on [LtYlqLWlRjC_OHodwqFxBA][LtYlqLW][C:\github\es6.8.8\elasticsearch-6.8.8\home\data\nodes\0] free: 68.9gb[14.4%], replicas will not be assigned to this node
[2022-03-30T20:05:07,022][INFO ][o.e.c.r.a.DiskThresholdMonitor] [LtYlqLW] low disk watermark [85%] exceeded on [LtYlqLWlRjC_OHodwqFxBA][LtYlqLW][C:\github\es6.8.8\elasticsearch-6.8.8\home\data\nodes\0] free: 68.9gb[14.4%], replicas will not be assigned to this node
[2022-03-30T20:05:37,029][INFO ][o.e.c.r.a.DiskThresholdMonitor] [LtYlqLW] low disk watermark [85%] exceeded on [LtYlqLWlRjC_OHodwqFxBA][LtYlqLW][C:\github\es6.8.8\elasticsearch-6.8.8\home\data\nodes\0] free: 68.9gb[14.4%], replicas will not be assigned to this node
[2022-03-30T20:06:07,042][INFO ][o.e.c.r.a.DiskThresholdMonitor] [LtYlqLW] low disk watermark [85%] exceeded on [LtYlqLWlRjC_OHodwqFxBA][LtYlqLW][C:\github\es6.8.8\elasticsearch-6.8.8\home\data\nodes\0] free: 68.9gb[14.4%], replicas will not be assigned to this node
[2022-03-30T20:06:37,054][INFO ][o.e.c.r.a.DiskThresholdMonitor] [LtYlqLW] low disk watermark [85%] exceeded on [LtYlqLWlRjC_OHodwqFxBA][LtYlqLW][C:\github\es6.8.8\elasticsearch-6.8.8\home\data\nodes\0] free: 68.9gb[14.4%], replicas will not be assigned to this node
[2022-03-30T20:07:07,055][INFO ][o.e.c.r.a.DiskThresholdMonitor] [LtYlqLW] low disk watermark [85%] exceeded on [LtYlqLWlRjC_OHodwqFxBA][LtYlqLW][C:\github\es6.8.8\elasticsearch-6.8.8\home\data\nodes\0] free: 68.9gb[14.4%], replicas will not be assigned to this node
[2022-03-30T20:07:37,061][INFO ][o.e.c.r.a.DiskThresholdMonitor] [LtYlqLW] low disk watermark [85%] exceeded on [LtYlqLWlRjC_OHodwqFxBA][LtYlqLW][C:\github\es6.8.8\elasticsearch-6.8.8\home\data\nodes\0] free: 68.9gb[14.4%], replicas will not be assigned to this node
[2022-03-30T20:08:07,069][INFO ][o.e.c.r.a.DiskThresholdMonitor] [LtYlqLW] low disk watermark [85%] exceeded on [LtYlqLWlRjC_OHodwqFxBA][LtYlqLW][C:\github\es6.8.8\elasticsearch-6.8.8\home\data\nodes\0] free: 68.9gb[14.4%], replicas will not be assigned to this node
[2022-03-30T20:08:37,077][INFO ][o.e.c.r.a.DiskThresholdMonitor] [LtYlqLW] low disk watermark [85%] exceeded on [LtYlqLWlRjC_OHodwqFxBA][LtYlqLW][C:\github\es6.8.8\elasticsearch-6.8.8\home\data\nodes\0] free: 68.9gb[14.4%], replicas will not be assigned to this node
[2022-03-30T20:09:07,085][INFO ][o.e.c.r.a.DiskThresholdMonitor] [LtYlqLW] low disk watermark [85%] exceeded on [LtYlqLWlRjC_OHodwqFxBA][LtYlqLW][C:\github\es6.8.8\elasticsearch-6.8.8\home\data\nodes\0] free: 68.9gb[14.4%], replicas will not be assigned to this node
[2022-03-30T20:09:37,093][INFO ][o.e.c.r.a.DiskThresholdMonitor] [LtYlqLW] low disk watermark [85%] exceeded on [LtYlqLWlRjC_OHodwqFxBA][LtYlqLW][C:\github\es6.8.8\elasticsearch-6.8.8\home\data\nodes\0] free: 68.9gb[14.4%], replicas will not be assigned to this node
[2022-03-30T20:10:07,100][INFO ][o.e.c.r.a.DiskThresholdMonitor] [LtYlqLW] low disk watermark [85%] exceeded on [LtYlqLWlRjC_OHodwqFxBA][LtYlqLW][C:\github\es6.8.8\elasticsearch-6.8.8\home\data\nodes\0] free: 68.9gb[14.4%], replicas will not be assigned to this node
[2022-03-30T20:10:37,107][INFO ][o.e.c.r.a.DiskThresholdMonitor] [LtYlqLW] low disk watermark [85%] exceeded on [LtYlqLWlRjC_OHodwqFxBA][LtYlqLW][C:\github\es6.8.8\elasticsearch-6.8.8\home\data\nodes\0] free: 68.9gb[14.4%], replicas will not be assigned to this node
[2022-03-30T20:11:07,111][INFO ][o.e.c.r.a.DiskThresholdMonitor] [LtYlqLW] low disk watermark [85%] exceeded on [LtYlqLWlRjC_OHodwqFxBA][LtYlqLW][C:\github\es6.8.8\elasticsearch-6.8.8\home\data\nodes\0] free: 68.9gb[14.4%], replicas will not be assigned to this node
[2022-03-30T20:11:37,120][INFO ][o.e.c.r.a.DiskThresholdMonitor] [LtYlqLW] low disk watermark [85%] exceeded on [LtYlqLWlRjC_OHodwqFxBA][LtYlqLW][C:\github\es6.8.8\elasticsearch-6.8.8\home\data\nodes\0] free: 68.9gb[14.4%], replicas will not be assigned to this node
[2022-03-30T20:12:07,124][INFO ][o.e.c.r.a.DiskThresholdMonitor] [LtYlqLW] low disk watermark [85%] exceeded on [LtYlqLWlRjC_OHodwqFxBA][LtYlqLW][C:\github\es6.8.8\elasticsearch-6.8.8\home\data\nodes\0] free: 68.9gb[14.4%], replicas will not be assigned to this node
[2022-03-30T20:12:37,132][INFO ][o.e.c.r.a.DiskThresholdMonitor] [LtYlqLW] low disk watermark [85%] exceeded on [LtYlqLWlRjC_OHodwqFxBA][LtYlqLW][C:\github\es6.8.8\elasticsearch-6.8.8\home\data\nodes\0] free: 68.9gb[14.4%], replicas will not be assigned to this node
[2022-03-30T20:13:07,136][INFO ][o.e.c.r.a.DiskThresholdMonitor] [LtYlqLW] low disk watermark [85%] exceeded on [LtYlqLWlRjC_OHodwqFxBA][LtYlqLW][C:\github\es6.8.8\elasticsearch-6.8.8\home\data\nodes\0] free: 68.9gb[14.4%], replicas will not be assigned to this node
[2022-03-30T20:13:37,140][INFO ][o.e.c.r.a.DiskThresholdMonitor] [LtYlqLW] low disk watermark [85%] exceeded on [LtYlqLWlRjC_OHodwqFxBA][LtYlqLW][C:\github\es6.8.8\elasticsearch-6.8.8\home\data\nodes\0] free: 68.9gb[14.4%], replicas will not be assigned to this node
[2022-03-30T20:14:07,154][INFO ][o.e.c.r.a.DiskThresholdMonitor] [LtYlqLW] low disk watermark [85%] exceeded on [LtYlqLWlRjC_OHodwqFxBA][LtYlqLW][C:\github\es6.8.8\elasticsearch-6.8.8\home\data\nodes\0] free: 68.9gb[14.4%], replicas will not be assigned to this node
[2022-03-30T20:14:37,162][INFO ][o.e.c.r.a.DiskThresholdMonitor] [LtYlqLW] low disk watermark [85%] exceeded on [LtYlqLWlRjC_OHodwqFxBA][LtYlqLW][C:\github\es6.8.8\elasticsearch-6.8.8\home\data\nodes\0] free: 68.9gb[14.4%], replicas will not be assigned to this node
[2022-03-30T20:15:07,163][INFO ][o.e.c.r.a.DiskThresholdMonitor] [LtYlqLW] low disk watermark [85%] exceeded on [LtYlqLWlRjC_OHodwqFxBA][LtYlqLW][C:\github\es6.8.8\elasticsearch-6.8.8\home\data\nodes\0] free: 68.9gb[14.4%], replicas will not be assigned to this node
[2022-03-30T20:15:37,179][INFO ][o.e.c.r.a.DiskThresholdMonitor] [LtYlqLW] low disk watermark [85%] exceeded on [LtYlqLWlRjC_OHodwqFxBA][LtYlqLW][C:\github\es6.8.8\elasticsearch-6.8.8\home\data\nodes\0] free: 68.9gb[14.4%], replicas will not be assigned to this node
[2022-03-30T20:16:07,193][INFO ][o.e.c.r.a.DiskThresholdMonitor] [LtYlqLW] low disk watermark [85%] exceeded on [LtYlqLWlRjC_OHodwqFxBA][LtYlqLW][C:\github\es6.8.8\elasticsearch-6.8.8\home\data\nodes\0] free: 68.9gb[14.4%], replicas will not be assigned to this node
[2022-03-30T20:16:37,198][INFO ][o.e.c.r.a.DiskThresholdMonitor] [LtYlqLW] low disk watermark [85%] exceeded on [LtYlqLWlRjC_OHodwqFxBA][LtYlqLW][C:\github\es6.8.8\elasticsearch-6.8.8\home\data\nodes\0] free: 68.9gb[14.4%], replicas will not be assigned to this node
[2022-03-30T20:17:07,216][INFO ][o.e.c.r.a.DiskThresholdMonitor] [LtYlqLW] low disk watermark [85%] exceeded on [LtYlqLWlRjC_OHodwqFxBA][LtYlqLW][C:\github\es6.8.8\elasticsearch-6.8.8\home\data\nodes\0] free: 68.9gb[14.4%], replicas will not be assigned to this node
[2022-03-30T20:17:37,227][INFO ][o.e.c.r.a.DiskThresholdMonitor] [LtYlqLW] low disk watermark [85%] exceeded on [LtYlqLWlRjC_OHodwqFxBA][LtYlqLW][C:\github\es6.8.8\elasticsearch-6.8.8\home\data\nodes\0] free: 68.9gb[14.4%], replicas will not be assigned to this node
[2022-03-30T20:18:07,234][INFO ][o.e.c.r.a.DiskThresholdMonitor] [LtYlqLW] low disk watermark [85%] exceeded on [LtYlqLWlRjC_OHodwqFxBA][LtYlqLW][C:\github\es6.8.8\elasticsearch-6.8.8\home\data\nodes\0] free: 68.9gb[14.4%], replicas will not be assigned to this node
[2022-03-30T20:18:37,237][INFO ][o.e.c.r.a.DiskThresholdMonitor] [LtYlqLW] low disk watermark [85%] exceeded on [LtYlqLWlRjC_OHodwqFxBA][LtYlqLW][C:\github\es6.8.8\elasticsearch-6.8.8\home\data\nodes\0] free: 68.9gb[14.4%], replicas will not be assigned to this node
[2022-03-30T20:19:07,251][INFO ][o.e.c.r.a.DiskThresholdMonitor] [LtYlqLW] low disk watermark [85%] exceeded on [LtYlqLWlRjC_OHodwqFxBA][LtYlqLW][C:\github\es6.8.8\elasticsearch-6.8.8\home\data\nodes\0] free: 68.9gb[14.4%], replicas will not be assigned to this node
[2022-03-30T20:19:37,263][INFO ][o.e.c.r.a.DiskThresholdMonitor] [LtYlqLW] low disk watermark [85%] exceeded on [LtYlqLWlRjC_OHodwqFxBA][LtYlqLW][C:\github\es6.8.8\elasticsearch-6.8.8\home\data\nodes\0] free: 68.9gb[14.4%], replicas will not be assigned to this node
[2022-03-30T20:20:07,270][INFO ][o.e.c.r.a.DiskThresholdMonitor] [LtYlqLW] low disk watermark [85%] exceeded on [LtYlqLWlRjC_OHodwqFxBA][LtYlqLW][C:\github\es6.8.8\elasticsearch-6.8.8\home\data\nodes\0] free: 68.9gb[14.4%], replicas will not be assigned to this node
[2022-03-30T20:20:37,284][INFO ][o.e.c.r.a.DiskThresholdMonitor] [LtYlqLW] low disk watermark [85%] exceeded on [LtYlqLWlRjC_OHodwqFxBA][LtYlqLW][C:\github\es6.8.8\elasticsearch-6.8.8\home\data\nodes\0] free: 68.9gb[14.4%], replicas will not be assigned to this node
[2022-03-30T20:21:07,298][INFO ][o.e.c.r.a.DiskThresholdMonitor] [LtYlqLW] low disk watermark [85%] exceeded on [LtYlqLWlRjC_OHodwqFxBA][LtYlqLW][C:\github\es6.8.8\elasticsearch-6.8.8\home\data\nodes\0] free: 68.9gb[14.4%], replicas will not be assigned to this node
[2022-03-30T20:21:37,306][INFO ][o.e.c.r.a.DiskThresholdMonitor] [LtYlqLW] low disk watermark [85%] exceeded on [LtYlqLWlRjC_OHodwqFxBA][LtYlqLW][C:\github\es6.8.8\elasticsearch-6.8.8\home\data\nodes\0] free: 68.9gb[14.4%], replicas will not be assigned to this node
[2022-03-30T20:22:07,314][INFO ][o.e.c.r.a.DiskThresholdMonitor] [LtYlqLW] low disk watermark [85%] exceeded on [LtYlqLWlRjC_OHodwqFxBA][LtYlqLW][C:\github\es6.8.8\elasticsearch-6.8.8\home\data\nodes\0] free: 68.9gb[14.4%], replicas will not be assigned to this node
[2022-03-30T20:22:37,320][INFO ][o.e.c.r.a.DiskThresholdMonitor] [LtYlqLW] low disk watermark [85%] exceeded on [LtYlqLWlRjC_OHodwqFxBA][LtYlqLW][C:\github\es6.8.8\elasticsearch-6.8.8\home\data\nodes\0] free: 68.9gb[14.4%], replicas will not be assigned to this node
[2022-03-30T20:23:07,334][INFO ][o.e.c.r.a.DiskThresholdMonitor] [LtYlqLW] low disk watermark [85%] exceeded on [LtYlqLWlRjC_OHodwqFxBA][LtYlqLW][C:\github\es6.8.8\elasticsearch-6.8.8\home\data\nodes\0] free: 68.9gb[14.4%], replicas will not be assigned to this node
[2022-03-30T20:23:37,345][INFO ][o.e.c.r.a.DiskThresholdMonitor] [LtYlqLW] low disk watermark [85%] exceeded on [LtYlqLWlRjC_OHodwqFxBA][LtYlqLW][C:\github\es6.8.8\elasticsearch-6.8.8\home\data\nodes\0] free: 68.9gb[14.4%], replicas will not be assigned to this node
[2022-03-30T20:24:07,349][INFO ][o.e.c.r.a.DiskThresholdMonitor] [LtYlqLW] low disk watermark [85%] exceeded on [LtYlqLWlRjC_OHodwqFxBA][LtYlqLW][C:\github\es6.8.8\elasticsearch-6.8.8\home\data\nodes\0] free: 68.9gb[14.4%], replicas will not be assigned to this node
[2022-03-30T20:24:37,365][INFO ][o.e.c.r.a.DiskThresholdMonitor] [LtYlqLW] low disk watermark [85%] exceeded on [LtYlqLWlRjC_OHodwqFxBA][LtYlqLW][C:\github\es6.8.8\elasticsearch-6.8.8\home\data\nodes\0] free: 68.9gb[14.4%], replicas will not be assigned to this node
[2022-03-30T20:25:07,379][INFO ][o.e.c.r.a.DiskThresholdMonitor] [LtYlqLW] low disk watermark [85%] exceeded on [LtYlqLWlRjC_OHodwqFxBA][LtYlqLW][C:\github\es6.8.8\elasticsearch-6.8.8\home\data\nodes\0] free: 68.9gb[14.4%], replicas will not be assigned to this node
[2022-03-30T20:25:37,387][INFO ][o.e.c.r.a.DiskThresholdMonitor] [LtYlqLW] low disk watermark [85%] exceeded on [LtYlqLWlRjC_OHodwqFxBA][LtYlqLW][C:\github\es6.8.8\elasticsearch-6.8.8\home\data\nodes\0] free: 68.9gb[14.4%], replicas will not be assigned to this node
[2022-03-30T20:26:07,399][INFO ][o.e.c.r.a.DiskThresholdMonitor] [LtYlqLW] low disk watermark [85%] exceeded on [LtYlqLWlRjC_OHodwqFxBA][LtYlqLW][C:\github\es6.8.8\elasticsearch-6.8.8\home\data\nodes\0] free: 68.9gb[14.4%], replicas will not be assigned to this node
[2022-03-30T20:26:37,408][INFO ][o.e.c.r.a.DiskThresholdMonitor] [LtYlqLW] low disk watermark [85%] exceeded on [LtYlqLWlRjC_OHodwqFxBA][LtYlqLW][C:\github\es6.8.8\elasticsearch-6.8.8\home\data\nodes\0] free: 68.9gb[14.4%], replicas will not be assigned to this node
[2022-03-30T20:27:07,420][INFO ][o.e.c.r.a.DiskThresholdMonitor] [LtYlqLW] low disk watermark [85%] exceeded on [LtYlqLWlRjC_OHodwqFxBA][LtYlqLW][C:\github\es6.8.8\elasticsearch-6.8.8\home\data\nodes\0] free: 68.9gb[14.4%], replicas will not be assigned to this node
[2022-03-30T20:27:37,424][INFO ][o.e.c.r.a.DiskThresholdMonitor] [LtYlqLW] low disk watermark [85%] exceeded on [LtYlqLWlRjC_OHodwqFxBA][LtYlqLW][C:\github\es6.8.8\elasticsearch-6.8.8\home\data\nodes\0] free: 68.9gb[14.4%], replicas will not be assigned to this node
[2022-03-30T20:28:07,427][INFO ][o.e.c.r.a.DiskThresholdMonitor] [LtYlqLW] low disk watermark [85%] exceeded on [LtYlqLWlRjC_OHodwqFxBA][LtYlqLW][C:\github\es6.8.8\elasticsearch-6.8.8\home\data\nodes\0] free: 68.9gb[14.4%], replicas will not be assigned to this node
[2022-03-30T20:28:37,431][INFO ][o.e.c.r.a.DiskThresholdMonitor] [LtYlqLW] low disk watermark [85%] exceeded on [LtYlqLWlRjC_OHodwqFxBA][LtYlqLW][C:\github\es6.8.8\elasticsearch-6.8.8\home\data\nodes\0] free: 68.9gb[14.4%], replicas will not be assigned to this node
[2022-03-30T20:29:07,432][INFO ][o.e.c.r.a.DiskThresholdMonitor] [LtYlqLW] low disk watermark [85%] exceeded on [LtYlqLWlRjC_OHodwqFxBA][LtYlqLW][C:\github\es6.8.8\elasticsearch-6.8.8\home\data\nodes\0] free: 68.9gb[14.4%], replicas will not be assigned to this node
[2022-03-30T20:29:37,434][INFO ][o.e.c.r.a.DiskThresholdMonitor] [LtYlqLW] low disk watermark [85%] exceeded on [LtYlqLWlRjC_OHodwqFxBA][LtYlqLW][C:\github\es6.8.8\elasticsearch-6.8.8\home\data\nodes\0] free: 68.8gb[14.4%], replicas will not be assigned to this node
[2022-03-30T20:30:07,437][INFO ][o.e.c.r.a.DiskThresholdMonitor] [LtYlqLW] low disk watermark [85%] exceeded on [LtYlqLWlRjC_OHodwqFxBA][LtYlqLW][C:\github\es6.8.8\elasticsearch-6.8.8\home\data\nodes\0] free: 68.9gb[14.4%], replicas will not be assigned to this node
[2022-03-30T20:30:37,437][INFO ][o.e.c.r.a.DiskThresholdMonitor] [LtYlqLW] low disk watermark [85%] exceeded on [LtYlqLWlRjC_OHodwqFxBA][LtYlqLW][C:\github\es6.8.8\elasticsearch-6.8.8\home\data\nodes\0] free: 68.9gb[14.4%], replicas will not be assigned to this node
[2022-03-30T20:31:07,441][INFO ][o.e.c.r.a.DiskThresholdMonitor] [LtYlqLW] low disk watermark [85%] exceeded on [LtYlqLWlRjC_OHodwqFxBA][LtYlqLW][C:\github\es6.8.8\elasticsearch-6.8.8\home\data\nodes\0] free: 68.9gb[14.4%], replicas will not be assigned to this node
[2022-03-30T20:31:37,443][INFO ][o.e.c.r.a.DiskThresholdMonitor] [LtYlqLW] low disk watermark [85%] exceeded on [LtYlqLWlRjC_OHodwqFxBA][LtYlqLW][C:\github\es6.8.8\elasticsearch-6.8.8\home\data\nodes\0] free: 68.9gb[14.4%], replicas will not be assigned to this node
[2022-03-30T20:32:07,445][INFO ][o.e.c.r.a.DiskThresholdMonitor] [LtYlqLW] low disk watermark [85%] exceeded on [LtYlqLWlRjC_OHodwqFxBA][LtYlqLW][C:\github\es6.8.8\elasticsearch-6.8.8\home\data\nodes\0] free: 68.9gb[14.4%], replicas will not be assigned to this node
[2022-03-30T20:32:37,448][INFO ][o.e.c.r.a.DiskThresholdMonitor] [LtYlqLW] low disk watermark [85%] exceeded on [LtYlqLWlRjC_OHodwqFxBA][LtYlqLW][C:\github\es6.8.8\elasticsearch-6.8.8\home\data\nodes\0] free: 68.9gb[14.4%], replicas will not be assigned to this node
[2022-03-30T20:33:07,452][INFO ][o.e.c.r.a.DiskThresholdMonitor] [LtYlqLW] low disk watermark [85%] exceeded on [LtYlqLWlRjC_OHodwqFxBA][LtYlqLW][C:\github\es6.8.8\elasticsearch-6.8.8\home\data\nodes\0] free: 68.9gb[14.4%], replicas will not be assigned to this node
[2022-03-30T20:33:37,453][INFO ][o.e.c.r.a.DiskThresholdMonitor] [LtYlqLW] low disk watermark [85%] exceeded on [LtYlqLWlRjC_OHodwqFxBA][LtYlqLW][C:\github\es6.8.8\elasticsearch-6.8.8\home\data\nodes\0] free: 68.9gb[14.4%], replicas will not be assigned to this node
[2022-03-30T20:34:07,456][INFO ][o.e.c.r.a.DiskThresholdMonitor] [LtYlqLW] low disk watermark [85%] exceeded on [LtYlqLWlRjC_OHodwqFxBA][LtYlqLW][C:\github\es6.8.8\elasticsearch-6.8.8\home\data\nodes\0] free: 68.9gb[14.4%], replicas will not be assigned to this node
[2022-03-30T20:34:37,458][INFO ][o.e.c.r.a.DiskThresholdMonitor] [LtYlqLW] low disk watermark [85%] exceeded on [LtYlqLWlRjC_OHodwqFxBA][LtYlqLW][C:\github\es6.8.8\elasticsearch-6.8.8\home\data\nodes\0] free: 68.9gb[14.4%], replicas will not be assigned to this node
[2022-03-30T20:35:07,460][INFO ][o.e.c.r.a.DiskThresholdMonitor] [LtYlqLW] low disk watermark [85%] exceeded on [LtYlqLWlRjC_OHodwqFxBA][LtYlqLW][C:\github\es6.8.8\elasticsearch-6.8.8\home\data\nodes\0] free: 68.9gb[14.4%], replicas will not be assigned to this node
[2022-03-30T20:35:37,463][INFO ][o.e.c.r.a.DiskThresholdMonitor] [LtYlqLW] low disk watermark [85%] exceeded on [LtYlqLWlRjC_OHodwqFxBA][LtYlqLW][C:\github\es6.8.8\elasticsearch-6.8.8\home\data\nodes\0] free: 68.9gb[14.4%], replicas will not be assigned to this node
[2022-03-30T20:36:07,466][INFO ][o.e.c.r.a.DiskThresholdMonitor] [LtYlqLW] low disk watermark [85%] exceeded on [LtYlqLWlRjC_OHodwqFxBA][LtYlqLW][C:\github\es6.8.8\elasticsearch-6.8.8\home\data\nodes\0] free: 68.9gb[14.4%], replicas will not be assigned to this node
[2022-03-30T20:36:37,467][INFO ][o.e.c.r.a.DiskThresholdMonitor] [LtYlqLW] low disk watermark [85%] exceeded on [LtYlqLWlRjC_OHodwqFxBA][LtYlqLW][C:\github\es6.8.8\elasticsearch-6.8.8\home\data\nodes\0] free: 68.9gb[14.4%], replicas will not be assigned to this node
[2022-03-30T20:37:07,469][INFO ][o.e.c.r.a.DiskThresholdMonitor] [LtYlqLW] low disk watermark [85%] exceeded on [LtYlqLWlRjC_OHodwqFxBA][LtYlqLW][C:\github\es6.8.8\elasticsearch-6.8.8\home\data\nodes\0] free: 68.9gb[14.4%], replicas will not be assigned to this node
[2022-03-30T20:37:37,471][INFO ][o.e.c.r.a.DiskThresholdMonitor] [LtYlqLW] low disk watermark [85%] exceeded on [LtYlqLWlRjC_OHodwqFxBA][LtYlqLW][C:\github\es6.8.8\elasticsearch-6.8.8\home\data\nodes\0] free: 68.9gb[14.4%], replicas will not be assigned to this node
[2022-03-30T20:38:07,474][INFO ][o.e.c.r.a.DiskThresholdMonitor] [LtYlqLW] low disk watermark [85%] exceeded on [LtYlqLWlRjC_OHodwqFxBA][LtYlqLW][C:\github\es6.8.8\elasticsearch-6.8.8\home\data\nodes\0] free: 68.9gb[14.4%], replicas will not be assigned to this node
[2022-03-30T20:38:37,479][INFO ][o.e.c.r.a.DiskThresholdMonitor] [LtYlqLW] low disk watermark [85%] exceeded on [LtYlqLWlRjC_OHodwqFxBA][LtYlqLW][C:\github\es6.8.8\elasticsearch-6.8.8\home\data\nodes\0] free: 68.9gb[14.4%], replicas will not be assigned to this node
[2022-03-30T20:39:07,482][INFO ][o.e.c.r.a.DiskThresholdMonitor] [LtYlqLW] low disk watermark [85%] exceeded on [LtYlqLWlRjC_OHodwqFxBA][LtYlqLW][C:\github\es6.8.8\elasticsearch-6.8.8\home\data\nodes\0] free: 68.9gb[14.4%], replicas will not be assigned to this node
[2022-03-30T20:39:37,483][INFO ][o.e.c.r.a.DiskThresholdMonitor] [LtYlqLW] low disk watermark [85%] exceeded on [LtYlqLWlRjC_OHodwqFxBA][LtYlqLW][C:\github\es6.8.8\elasticsearch-6.8.8\home\data\nodes\0] free: 68.9gb[14.4%], replicas will not be assigned to this node
[2022-03-30T20:40:07,486][INFO ][o.e.c.r.a.DiskThresholdMonitor] [LtYlqLW] low disk watermark [85%] exceeded on [LtYlqLWlRjC_OHodwqFxBA][LtYlqLW][C:\github\es6.8.8\elasticsearch-6.8.8\home\data\nodes\0] free: 68.9gb[14.4%], replicas will not be assigned to this node
[2022-03-30T20:40:37,488][INFO ][o.e.c.r.a.DiskThresholdMonitor] [LtYlqLW] low disk watermark [85%] exceeded on [LtYlqLWlRjC_OHodwqFxBA][LtYlqLW][C:\github\es6.8.8\elasticsearch-6.8.8\home\data\nodes\0] free: 68.9gb[14.4%], replicas will not be assigned to this node
[2022-03-30T20:41:07,491][INFO ][o.e.c.r.a.DiskThresholdMonitor] [LtYlqLW] low disk watermark [85%] exceeded on [LtYlqLWlRjC_OHodwqFxBA][LtYlqLW][C:\github\es6.8.8\elasticsearch-6.8.8\home\data\nodes\0] free: 68.9gb[14.4%], replicas will not be assigned to this node
[2022-03-30T20:41:37,495][INFO ][o.e.c.r.a.DiskThresholdMonitor] [LtYlqLW] low disk watermark [85%] exceeded on [LtYlqLWlRjC_OHodwqFxBA][LtYlqLW][C:\github\es6.8.8\elasticsearch-6.8.8\home\data\nodes\0] free: 68.9gb[14.4%], replicas will not be assigned to this node
[2022-03-30T20:42:07,497][INFO ][o.e.c.r.a.DiskThresholdMonitor] [LtYlqLW] low disk watermark [85%] exceeded on [LtYlqLWlRjC_OHodwqFxBA][LtYlqLW][C:\github\es6.8.8\elasticsearch-6.8.8\home\data\nodes\0] free: 68.9gb[14.4%], replicas will not be assigned to this node
[2022-03-30T20:42:37,499][INFO ][o.e.c.r.a.DiskThresholdMonitor] [LtYlqLW] low disk watermark [85%] exceeded on [LtYlqLWlRjC_OHodwqFxBA][LtYlqLW][C:\github\es6.8.8\elasticsearch-6.8.8\home\data\nodes\0] free: 68.9gb[14.4%], replicas will not be assigned to this node
[2022-03-30T20:43:07,501][INFO ][o.e.c.r.a.DiskThresholdMonitor] [LtYlqLW] low disk watermark [85%] exceeded on [LtYlqLWlRjC_OHodwqFxBA][LtYlqLW][C:\github\es6.8.8\elasticsearch-6.8.8\home\data\nodes\0] free: 68.9gb[14.4%], replicas will not be assigned to this node
[2022-03-30T20:43:37,503][INFO ][o.e.c.r.a.DiskThresholdMonitor] [LtYlqLW] low disk watermark [85%] exceeded on [LtYlqLWlRjC_OHodwqFxBA][LtYlqLW][C:\github\es6.8.8\elasticsearch-6.8.8\home\data\nodes\0] free: 68.9gb[14.4%], replicas will not be assigned to this node
[2022-03-30T20:44:07,504][INFO ][o.e.c.r.a.DiskThresholdMonitor] [LtYlqLW] low disk watermark [85%] exceeded on [LtYlqLWlRjC_OHodwqFxBA][LtYlqLW][C:\github\es6.8.8\elasticsearch-6.8.8\home\data\nodes\0] free: 68.9gb[14.4%], replicas will not be assigned to this node
[2022-03-30T20:44:37,506][INFO ][o.e.c.r.a.DiskThresholdMonitor] [LtYlqLW] low disk watermark [85%] exceeded on [LtYlqLWlRjC_OHodwqFxBA][LtYlqLW][C:\github\es6.8.8\elasticsearch-6.8.8\home\data\nodes\0] free: 68.9gb[14.4%], replicas will not be assigned to this node
[2022-03-30T20:45:07,509][INFO ][o.e.c.r.a.DiskThresholdMonitor] [LtYlqLW] low disk watermark [85%] exceeded on [LtYlqLWlRjC_OHodwqFxBA][LtYlqLW][C:\github\es6.8.8\elasticsearch-6.8.8\home\data\nodes\0] free: 68.9gb[14.4%], replicas will not be assigned to this node
[2022-03-30T20:45:37,510][INFO ][o.e.c.r.a.DiskThresholdMonitor] [LtYlqLW] low disk watermark [85%] exceeded on [LtYlqLWlRjC_OHodwqFxBA][LtYlqLW][C:\github\es6.8.8\elasticsearch-6.8.8\home\data\nodes\0] free: 68.9gb[14.4%], replicas will not be assigned to this node
[2022-03-30T20:46:07,511][INFO ][o.e.c.r.a.DiskThresholdMonitor] [LtYlqLW] low disk watermark [85%] exceeded on [LtYlqLWlRjC_OHodwqFxBA][LtYlqLW][C:\github\es6.8.8\elasticsearch-6.8.8\home\data\nodes\0] free: 68.9gb[14.4%], replicas will not be assigned to this node
[2022-03-30T20:46:37,514][INFO ][o.e.c.r.a.DiskThresholdMonitor] [LtYlqLW] low disk watermark [85%] exceeded on [LtYlqLWlRjC_OHodwqFxBA][LtYlqLW][C:\github\es6.8.8\elasticsearch-6.8.8\home\data\nodes\0] free: 68.9gb[14.4%], replicas will not be assigned to this node
[2022-03-30T20:47:07,517][INFO ][o.e.c.r.a.DiskThresholdMonitor] [LtYlqLW] low disk watermark [85%] exceeded on [LtYlqLWlRjC_OHodwqFxBA][LtYlqLW][C:\github\es6.8.8\elasticsearch-6.8.8\home\data\nodes\0] free: 68.9gb[14.4%], replicas will not be assigned to this node
[2022-03-30T20:47:37,518][INFO ][o.e.c.r.a.DiskThresholdMonitor] [LtYlqLW] low disk watermark [85%] exceeded on [LtYlqLWlRjC_OHodwqFxBA][LtYlqLW][C:\github\es6.8.8\elasticsearch-6.8.8\home\data\nodes\0] free: 68.9gb[14.4%], replicas will not be assigned to this node
[2022-03-30T20:48:07,521][INFO ][o.e.c.r.a.DiskThresholdMonitor] [LtYlqLW] low disk watermark [85%] exceeded on [LtYlqLWlRjC_OHodwqFxBA][LtYlqLW][C:\github\es6.8.8\elasticsearch-6.8.8\home\data\nodes\0] free: 68.9gb[14.4%], replicas will not be assigned to this node
[2022-03-30T20:48:37,522][INFO ][o.e.c.r.a.DiskThresholdMonitor] [LtYlqLW] low disk watermark [85%] exceeded on [LtYlqLWlRjC_OHodwqFxBA][LtYlqLW][C:\github\es6.8.8\elasticsearch-6.8.8\home\data\nodes\0] free: 68.9gb[14.4%], replicas will not be assigned to this node
[2022-03-30T20:49:07,524][INFO ][o.e.c.r.a.DiskThresholdMonitor] [LtYlqLW] low disk watermark [85%] exceeded on [LtYlqLWlRjC_OHodwqFxBA][LtYlqLW][C:\github\es6.8.8\elasticsearch-6.8.8\home\data\nodes\0] free: 68.9gb[14.4%], replicas will not be assigned to this node
[2022-03-30T20:49:37,527][INFO ][o.e.c.r.a.DiskThresholdMonitor] [LtYlqLW] low disk watermark [85%] exceeded on [LtYlqLWlRjC_OHodwqFxBA][LtYlqLW][C:\github\es6.8.8\elasticsearch-6.8.8\home\data\nodes\0] free: 68.9gb[14.4%], replicas will not be assigned to this node
[2022-03-30T20:50:07,530][INFO ][o.e.c.r.a.DiskThresholdMonitor] [LtYlqLW] low disk watermark [85%] exceeded on [LtYlqLWlRjC_OHodwqFxBA][LtYlqLW][C:\github\es6.8.8\elasticsearch-6.8.8\home\data\nodes\0] free: 68.9gb[14.4%], replicas will not be assigned to this node
[2022-03-30T20:50:37,531][INFO ][o.e.c.r.a.DiskThresholdMonitor] [LtYlqLW] low disk watermark [85%] exceeded on [LtYlqLWlRjC_OHodwqFxBA][LtYlqLW][C:\github\es6.8.8\elasticsearch-6.8.8\home\data\nodes\0] free: 68.9gb[14.4%], replicas will not be assigned to this node
[2022-03-30T20:51:07,533][INFO ][o.e.c.r.a.DiskThresholdMonitor] [LtYlqLW] low disk watermark [85%] exceeded on [LtYlqLWlRjC_OHodwqFxBA][LtYlqLW][C:\github\es6.8.8\elasticsearch-6.8.8\home\data\nodes\0] free: 68.9gb[14.4%], replicas will not be assigned to this node
[2022-03-30T20:51:37,535][INFO ][o.e.c.r.a.DiskThresholdMonitor] [LtYlqLW] low disk watermark [85%] exceeded on [LtYlqLWlRjC_OHodwqFxBA][LtYlqLW][C:\github\es6.8.8\elasticsearch-6.8.8\home\data\nodes\0] free: 68.9gb[14.4%], replicas will not be assigned to this node
[2022-03-30T20:52:07,537][INFO ][o.e.c.r.a.DiskThresholdMonitor] [LtYlqLW] low disk watermark [85%] exceeded on [LtYlqLWlRjC_OHodwqFxBA][LtYlqLW][C:\github\es6.8.8\elasticsearch-6.8.8\home\data\nodes\0] free: 68.9gb[14.4%], replicas will not be assigned to this node
[2022-03-30T20:52:37,540][INFO ][o.e.c.r.a.DiskThresholdMonitor] [LtYlqLW] low disk watermark [85%] exceeded on [LtYlqLWlRjC_OHodwqFxBA][LtYlqLW][C:\github\es6.8.8\elasticsearch-6.8.8\home\data\nodes\0] free: 68.9gb[14.4%], replicas will not be assigned to this node
[2022-03-30T20:53:07,543][INFO ][o.e.c.r.a.DiskThresholdMonitor] [LtYlqLW] low disk watermark [85%] exceeded on [LtYlqLWlRjC_OHodwqFxBA][LtYlqLW][C:\github\es6.8.8\elasticsearch-6.8.8\home\data\nodes\0] free: 68.9gb[14.4%], replicas will not be assigned to this node
[2022-03-30T20:53:37,546][INFO ][o.e.c.r.a.DiskThresholdMonitor] [LtYlqLW] low disk watermark [85%] exceeded on [LtYlqLWlRjC_OHodwqFxBA][LtYlqLW][C:\github\es6.8.8\elasticsearch-6.8.8\home\data\nodes\0] free: 68.9gb[14.4%], replicas will not be assigned to this node
[2022-03-30T20:54:07,548][INFO ][o.e.c.r.a.DiskThresholdMonitor] [LtYlqLW] low disk watermark [85%] exceeded on [LtYlqLWlRjC_OHodwqFxBA][LtYlqLW][C:\github\es6.8.8\elasticsearch-6.8.8\home\data\nodes\0] free: 68.9gb[14.4%], replicas will not be assigned to this node
[2022-03-30T20:54:37,550][INFO ][o.e.c.r.a.DiskThresholdMonitor] [LtYlqLW] low disk watermark [85%] exceeded on [LtYlqLWlRjC_OHodwqFxBA][LtYlqLW][C:\github\es6.8.8\elasticsearch-6.8.8\home\data\nodes\0] free: 68.9gb[14.4%], replicas will not be assigned to this node
[2022-03-30T20:55:07,551][INFO ][o.e.c.r.a.DiskThresholdMonitor] [LtYlqLW] low disk watermark [85%] exceeded on [LtYlqLWlRjC_OHodwqFxBA][LtYlqLW][C:\github\es6.8.8\elasticsearch-6.8.8\home\data\nodes\0] free: 68.9gb[14.4%], replicas will not be assigned to this node
[2022-03-30T20:55:37,553][INFO ][o.e.c.r.a.DiskThresholdMonitor] [LtYlqLW] low disk watermark [85%] exceeded on [LtYlqLWlRjC_OHodwqFxBA][LtYlqLW][C:\github\es6.8.8\elasticsearch-6.8.8\home\data\nodes\0] free: 68.9gb[14.4%], replicas will not be assigned to this node
[2022-03-30T20:56:07,555][INFO ][o.e.c.r.a.DiskThresholdMonitor] [LtYlqLW] low disk watermark [85%] exceeded on [LtYlqLWlRjC_OHodwqFxBA][LtYlqLW][C:\github\es6.8.8\elasticsearch-6.8.8\home\data\nodes\0] free: 68.9gb[14.4%], replicas will not be assigned to this node
[2022-03-30T20:56:37,558][INFO ][o.e.c.r.a.DiskThresholdMonitor] [LtYlqLW] low disk watermark [85%] exceeded on [LtYlqLWlRjC_OHodwqFxBA][LtYlqLW][C:\github\es6.8.8\elasticsearch-6.8.8\home\data\nodes\0] free: 68.9gb[14.4%], replicas will not be assigned to this node
[2022-03-30T20:57:07,560][INFO ][o.e.c.r.a.DiskThresholdMonitor] [LtYlqLW] low disk watermark [85%] exceeded on [LtYlqLWlRjC_OHodwqFxBA][LtYlqLW][C:\github\es6.8.8\elasticsearch-6.8.8\home\data\nodes\0] free: 68.9gb[14.4%], replicas will not be assigned to this node
[2022-03-30T20:57:37,563][INFO ][o.e.c.r.a.DiskThresholdMonitor] [LtYlqLW] low disk watermark [85%] exceeded on [LtYlqLWlRjC_OHodwqFxBA][LtYlqLW][C:\github\es6.8.8\elasticsearch-6.8.8\home\data\nodes\0] free: 68.9gb[14.4%], replicas will not be assigned to this node
[2022-03-30T20:58:07,564][INFO ][o.e.c.r.a.DiskThresholdMonitor] [LtYlqLW] low disk watermark [85%] exceeded on [LtYlqLWlRjC_OHodwqFxBA][LtYlqLW][C:\github\es6.8.8\elasticsearch-6.8.8\home\data\nodes\0] free: 68.9gb[14.4%], replicas will not be assigned to this node
[2022-03-30T20:58:37,566][INFO ][o.e.c.r.a.DiskThresholdMonitor] [LtYlqLW] low disk watermark [85%] exceeded on [LtYlqLWlRjC_OHodwqFxBA][LtYlqLW][C:\github\es6.8.8\elasticsearch-6.8.8\home\data\nodes\0] free: 68.9gb[14.4%], replicas will not be assigned to this node
[2022-03-30T20:59:07,568][INFO ][o.e.c.r.a.DiskThresholdMonitor] [LtYlqLW] low disk watermark [85%] exceeded on [LtYlqLWlRjC_OHodwqFxBA][LtYlqLW][C:\github\es6.8.8\elasticsearch-6.8.8\home\data\nodes\0] free: 68.9gb[14.4%], replicas will not be assigned to this node
[2022-03-30T20:59:37,569][INFO ][o.e.c.r.a.DiskThresholdMonitor] [LtYlqLW] low disk watermark [85%] exceeded on [LtYlqLWlRjC_OHodwqFxBA][LtYlqLW][C:\github\es6.8.8\elasticsearch-6.8.8\home\data\nodes\0] free: 68.9gb[14.4%], replicas will not be assigned to this node
[2022-03-30T21:00:07,571][INFO ][o.e.c.r.a.DiskThresholdMonitor] [LtYlqLW] low disk watermark [85%] exceeded on [LtYlqLWlRjC_OHodwqFxBA][LtYlqLW][C:\github\es6.8.8\elasticsearch-6.8.8\home\data\nodes\0] free: 68.9gb[14.4%], replicas will not be assigned to this node
[2022-03-30T21:00:37,573][INFO ][o.e.c.r.a.DiskThresholdMonitor] [LtYlqLW] low disk watermark [85%] exceeded on [LtYlqLWlRjC_OHodwqFxBA][LtYlqLW][C:\github\es6.8.8\elasticsearch-6.8.8\home\data\nodes\0] free: 68.9gb[14.4%], replicas will not be assigned to this node
[2022-03-30T21:01:07,577][INFO ][o.e.c.r.a.DiskThresholdMonitor] [LtYlqLW] low disk watermark [85%] exceeded on [LtYlqLWlRjC_OHodwqFxBA][LtYlqLW][C:\github\es6.8.8\elasticsearch-6.8.8\home\data\nodes\0] free: 68.9gb[14.4%], replicas will not be assigned to this node
[2022-03-30T21:01:37,580][INFO ][o.e.c.r.a.DiskThresholdMonitor] [LtYlqLW] low disk watermark [85%] exceeded on [LtYlqLWlRjC_OHodwqFxBA][LtYlqLW][C:\github\es6.8.8\elasticsearch-6.8.8\home\data\nodes\0] free: 68.9gb[14.4%], replicas will not be assigned to this node
[2022-03-30T21:02:07,581][INFO ][o.e.c.r.a.DiskThresholdMonitor] [LtYlqLW] low disk watermark [85%] exceeded on [LtYlqLWlRjC_OHodwqFxBA][LtYlqLW][C:\github\es6.8.8\elasticsearch-6.8.8\home\data\nodes\0] free: 68.9gb[14.4%], replicas will not be assigned to this node
[2022-03-30T21:02:37,585][INFO ][o.e.c.r.a.DiskThresholdMonitor] [LtYlqLW] low disk watermark [85%] exceeded on [LtYlqLWlRjC_OHodwqFxBA][LtYlqLW][C:\github\es6.8.8\elasticsearch-6.8.8\home\data\nodes\0] free: 68.9gb[14.4%], replicas will not be assigned to this node
[2022-03-30T21:03:07,588][INFO ][o.e.c.r.a.DiskThresholdMonitor] [LtYlqLW] low disk watermark [85%] exceeded on [LtYlqLWlRjC_OHodwqFxBA][LtYlqLW][C:\github\es6.8.8\elasticsearch-6.8.8\home\data\nodes\0] free: 68.9gb[14.4%], replicas will not be assigned to this node
[2022-03-30T21:03:37,588][INFO ][o.e.c.r.a.DiskThresholdMonitor] [LtYlqLW] low disk watermark [85%] exceeded on [LtYlqLWlRjC_OHodwqFxBA][LtYlqLW][C:\github\es6.8.8\elasticsearch-6.8.8\home\data\nodes\0] free: 68.9gb[14.4%], replicas will not be assigned to this node
[2022-03-30T21:04:07,592][INFO ][o.e.c.r.a.DiskThresholdMonitor] [LtYlqLW] low disk watermark [85%] exceeded on [LtYlqLWlRjC_OHodwqFxBA][LtYlqLW][C:\github\es6.8.8\elasticsearch-6.8.8\home\data\nodes\0] free: 68.9gb[14.4%], replicas will not be assigned to this node
[2022-03-30T21:04:37,593][INFO ][o.e.c.r.a.DiskThresholdMonitor] [LtYlqLW] low disk watermark [85%] exceeded on [LtYlqLWlRjC_OHodwqFxBA][LtYlqLW][C:\github\es6.8.8\elasticsearch-6.8.8\home\data\nodes\0] free: 68.9gb[14.4%], replicas will not be assigned to this node
[2022-03-30T21:05:07,597][INFO ][o.e.c.r.a.DiskThresholdMonitor] [LtYlqLW] low disk watermark [85%] exceeded on [LtYlqLWlRjC_OHodwqFxBA][LtYlqLW][C:\github\es6.8.8\elasticsearch-6.8.8\home\data\nodes\0] free: 68.9gb[14.4%], replicas will not be assigned to this node
[2022-03-30T21:05:37,598][INFO ][o.e.c.r.a.DiskThresholdMonitor] [LtYlqLW] low disk watermark [85%] exceeded on [LtYlqLWlRjC_OHodwqFxBA][LtYlqLW][C:\github\es6.8.8\elasticsearch-6.8.8\home\data\nodes\0] free: 68.9gb[14.4%], replicas will not be assigned to this node
[2022-03-30T21:06:07,603][INFO ][o.e.c.r.a.DiskThresholdMonitor] [LtYlqLW] low disk watermark [85%] exceeded on [LtYlqLWlRjC_OHodwqFxBA][LtYlqLW][C:\github\es6.8.8\elasticsearch-6.8.8\home\data\nodes\0] free: 68.9gb[14.4%], replicas will not be assigned to this node
[2022-03-30T21:06:37,604][INFO ][o.e.c.r.a.DiskThresholdMonitor] [LtYlqLW] low disk watermark [85%] exceeded on [LtYlqLWlRjC_OHodwqFxBA][LtYlqLW][C:\github\es6.8.8\elasticsearch-6.8.8\home\data\nodes\0] free: 68.9gb[14.4%], replicas will not be assigned to this node
[2022-03-30T21:07:07,606][INFO ][o.e.c.r.a.DiskThresholdMonitor] [LtYlqLW] low disk watermark [85%] exceeded on [LtYlqLWlRjC_OHodwqFxBA][LtYlqLW][C:\github\es6.8.8\elasticsearch-6.8.8\home\data\nodes\0] free: 68.9gb[14.4%], replicas will not be assigned to this node
[2022-03-30T21:07:37,610][INFO ][o.e.c.r.a.DiskThresholdMonitor] [LtYlqLW] low disk watermark [85%] exceeded on [LtYlqLWlRjC_OHodwqFxBA][LtYlqLW][C:\github\es6.8.8\elasticsearch-6.8.8\home\data\nodes\0] free: 68.9gb[14.4%], replicas will not be assigned to this node
[2022-03-30T21:08:07,612][INFO ][o.e.c.r.a.DiskThresholdMonitor] [LtYlqLW] low disk watermark [85%] exceeded on [LtYlqLWlRjC_OHodwqFxBA][LtYlqLW][C:\github\es6.8.8\elasticsearch-6.8.8\home\data\nodes\0] free: 68.9gb[14.4%], replicas will not be assigned to this node
[2022-03-30T21:08:37,616][INFO ][o.e.c.r.a.DiskThresholdMonitor] [LtYlqLW] low disk watermark [85%] exceeded on [LtYlqLWlRjC_OHodwqFxBA][LtYlqLW][C:\github\es6.8.8\elasticsearch-6.8.8\home\data\nodes\0] free: 68.9gb[14.4%], replicas will not be assigned to this node
[2022-03-30T21:09:07,618][INFO ][o.e.c.r.a.DiskThresholdMonitor] [LtYlqLW] low disk watermark [85%] exceeded on [LtYlqLWlRjC_OHodwqFxBA][LtYlqLW][C:\github\es6.8.8\elasticsearch-6.8.8\home\data\nodes\0] free: 68.9gb[14.4%], replicas will not be assigned to this node
[2022-03-30T21:09:37,620][INFO ][o.e.c.r.a.DiskThresholdMonitor] [LtYlqLW] low disk watermark [85%] exceeded on [LtYlqLWlRjC_OHodwqFxBA][LtYlqLW][C:\github\es6.8.8\elasticsearch-6.8.8\home\data\nodes\0] free: 68.9gb[14.4%], replicas will not be assigned to this node
[2022-03-30T21:10:07,622][INFO ][o.e.c.r.a.DiskThresholdMonitor] [LtYlqLW] low disk watermark [85%] exceeded on [LtYlqLWlRjC_OHodwqFxBA][LtYlqLW][C:\github\es6.8.8\elasticsearch-6.8.8\home\data\nodes\0] free: 68.9gb[14.4%], replicas will not be assigned to this node
[2022-03-30T21:10:37,626][INFO ][o.e.c.r.a.DiskThresholdMonitor] [LtYlqLW] low disk watermark [85%] exceeded on [LtYlqLWlRjC_OHodwqFxBA][LtYlqLW][C:\github\es6.8.8\elasticsearch-6.8.8\home\data\nodes\0] free: 68.9gb[14.4%], replicas will not be assigned to this node
[2022-03-30T21:11:07,628][INFO ][o.e.c.r.a.DiskThresholdMonitor] [LtYlqLW] low disk watermark [85%] exceeded on [LtYlqLWlRjC_OHodwqFxBA][LtYlqLW][C:\github\es6.8.8\elasticsearch-6.8.8\home\data\nodes\0] free: 68.9gb[14.4%], replicas will not be assigned to this node
[2022-03-30T21:11:37,630][INFO ][o.e.c.r.a.DiskThresholdMonitor] [LtYlqLW] low disk watermark [85%] exceeded on [LtYlqLWlRjC_OHodwqFxBA][LtYlqLW][C:\github\es6.8.8\elasticsearch-6.8.8\home\data\nodes\0] free: 68.9gb[14.4%], replicas will not be assigned to this node
[2022-03-30T21:12:07,631][INFO ][o.e.c.r.a.DiskThresholdMonitor] [LtYlqLW] low disk watermark [85%] exceeded on [LtYlqLWlRjC_OHodwqFxBA][LtYlqLW][C:\github\es6.8.8\elasticsearch-6.8.8\home\data\nodes\0] free: 68.9gb[14.4%], replicas will not be assigned to this node
[2022-03-30T21:12:37,634][INFO ][o.e.c.r.a.DiskThresholdMonitor] [LtYlqLW] low disk watermark [85%] exceeded on [LtYlqLWlRjC_OHodwqFxBA][LtYlqLW][C:\github\es6.8.8\elasticsearch-6.8.8\home\data\nodes\0] free: 68.9gb[14.4%], replicas will not be assigned to this node
[2022-03-30T21:13:07,637][INFO ][o.e.c.r.a.DiskThresholdMonitor] [LtYlqLW] low disk watermark [85%] exceeded on [LtYlqLWlRjC_OHodwqFxBA][LtYlqLW][C:\github\es6.8.8\elasticsearch-6.8.8\home\data\nodes\0] free: 68.9gb[14.4%], replicas will not be assigned to this node
[2022-03-30T21:13:37,640][INFO ][o.e.c.r.a.DiskThresholdMonitor] [LtYlqLW] low disk watermark [85%] exceeded on [LtYlqLWlRjC_OHodwqFxBA][LtYlqLW][C:\github\es6.8.8\elasticsearch-6.8.8\home\data\nodes\0] free: 68.9gb[14.4%], replicas will not be assigned to this node
[2022-03-30T21:14:07,644][INFO ][o.e.c.r.a.DiskThresholdMonitor] [LtYlqLW] low disk watermark [85%] exceeded on [LtYlqLWlRjC_OHodwqFxBA][LtYlqLW][C:\github\es6.8.8\elasticsearch-6.8.8\home\data\nodes\0] free: 68.9gb[14.4%], replicas will not be assigned to this node
[2022-03-30T21:14:37,645][INFO ][o.e.c.r.a.DiskThresholdMonitor] [LtYlqLW] low disk watermark [85%] exceeded on [LtYlqLWlRjC_OHodwqFxBA][LtYlqLW][C:\github\es6.8.8\elasticsearch-6.8.8\home\data\nodes\0] free: 68.9gb[14.4%], replicas will not be assigned to this node
[2022-03-30T21:15:07,648][INFO ][o.e.c.r.a.DiskThresholdMonitor] [LtYlqLW] low disk watermark [85%] exceeded on [LtYlqLWlRjC_OHodwqFxBA][LtYlqLW][C:\github\es6.8.8\elasticsearch-6.8.8\home\data\nodes\0] free: 68.9gb[14.4%], replicas will not be assigned to this node
[2022-03-30T21:15:37,651][INFO ][o.e.c.r.a.DiskThresholdMonitor] [LtYlqLW] low disk watermark [85%] exceeded on [LtYlqLWlRjC_OHodwqFxBA][LtYlqLW][C:\github\es6.8.8\elasticsearch-6.8.8\home\data\nodes\0] free: 68.9gb[14.4%], replicas will not be assigned to this node
[2022-03-30T21:16:07,653][INFO ][o.e.c.r.a.DiskThresholdMonitor] [LtYlqLW] low disk watermark [85%] exceeded on [LtYlqLWlRjC_OHodwqFxBA][LtYlqLW][C:\github\es6.8.8\elasticsearch-6.8.8\home\data\nodes\0] free: 68.9gb[14.4%], replicas will not be assigned to this node
[2022-03-30T21:16:37,655][INFO ][o.e.c.r.a.DiskThresholdMonitor] [LtYlqLW] low disk watermark [85%] exceeded on [LtYlqLWlRjC_OHodwqFxBA][LtYlqLW][C:\github\es6.8.8\elasticsearch-6.8.8\home\data\nodes\0] free: 68.9gb[14.4%], replicas will not be assigned to this node
[2022-03-30T21:17:07,657][INFO ][o.e.c.r.a.DiskThresholdMonitor] [LtYlqLW] low disk watermark [85%] exceeded on [LtYlqLWlRjC_OHodwqFxBA][LtYlqLW][C:\github\es6.8.8\elasticsearch-6.8.8\home\data\nodes\0] free: 68.9gb[14.4%], replicas will not be assigned to this node
[2022-03-30T21:17:37,661][INFO ][o.e.c.r.a.DiskThresholdMonitor] [LtYlqLW] low disk watermark [85%] exceeded on [LtYlqLWlRjC_OHodwqFxBA][LtYlqLW][C:\github\es6.8.8\elasticsearch-6.8.8\home\data\nodes\0] free: 68.9gb[14.4%], replicas will not be assigned to this node
[2022-03-30T21:18:07,662][INFO ][o.e.c.r.a.DiskThresholdMonitor] [LtYlqLW] low disk watermark [85%] exceeded on [LtYlqLWlRjC_OHodwqFxBA][LtYlqLW][C:\github\es6.8.8\elasticsearch-6.8.8\home\data\nodes\0] free: 68.9gb[14.4%], replicas will not be assigned to this node
[2022-03-30T21:18:37,664][INFO ][o.e.c.r.a.DiskThresholdMonitor] [LtYlqLW] low disk watermark [85%] exceeded on [LtYlqLWlRjC_OHodwqFxBA][LtYlqLW][C:\github\es6.8.8\elasticsearch-6.8.8\home\data\nodes\0] free: 68.9gb[14.4%], replicas will not be assigned to this node
[2022-03-30T21:19:07,667][INFO ][o.e.c.r.a.DiskThresholdMonitor] [LtYlqLW] low disk watermark [85%] exceeded on [LtYlqLWlRjC_OHodwqFxBA][LtYlqLW][C:\github\es6.8.8\elasticsearch-6.8.8\home\data\nodes\0] free: 68.9gb[14.4%], replicas will not be assigned to this node
[2022-03-30T21:19:37,671][INFO ][o.e.c.r.a.DiskThresholdMonitor] [LtYlqLW] low disk watermark [85%] exceeded on [LtYlqLWlRjC_OHodwqFxBA][LtYlqLW][C:\github\es6.8.8\elasticsearch-6.8.8\home\data\nodes\0] free: 68.9gb[14.4%], replicas will not be assigned to this node
[2022-03-30T21:20:07,673][INFO ][o.e.c.r.a.DiskThresholdMonitor] [LtYlqLW] low disk watermark [85%] exceeded on [LtYlqLWlRjC_OHodwqFxBA][LtYlqLW][C:\github\es6.8.8\elasticsearch-6.8.8\home\data\nodes\0] free: 68.9gb[14.4%], replicas will not be assigned to this node
[2022-03-30T21:20:37,675][INFO ][o.e.c.r.a.DiskThresholdMonitor] [LtYlqLW] low disk watermark [85%] exceeded on [LtYlqLWlRjC_OHodwqFxBA][LtYlqLW][C:\github\es6.8.8\elasticsearch-6.8.8\home\data\nodes\0] free: 68.9gb[14.4%], replicas will not be assigned to this node
[2022-03-30T21:21:07,678][INFO ][o.e.c.r.a.DiskThresholdMonitor] [LtYlqLW] low disk watermark [85%] exceeded on [LtYlqLWlRjC_OHodwqFxBA][LtYlqLW][C:\github\es6.8.8\elasticsearch-6.8.8\home\data\nodes\0] free: 68.9gb[14.4%], replicas will not be assigned to this node
[2022-03-30T21:21:37,681][INFO ][o.e.c.r.a.DiskThresholdMonitor] [LtYlqLW] low disk watermark [85%] exceeded on [LtYlqLWlRjC_OHodwqFxBA][LtYlqLW][C:\github\es6.8.8\elasticsearch-6.8.8\home\data\nodes\0] free: 68.9gb[14.4%], replicas will not be assigned to this node
[2022-03-30T21:22:07,684][INFO ][o.e.c.r.a.DiskThresholdMonitor] [LtYlqLW] low disk watermark [85%] exceeded on [LtYlqLWlRjC_OHodwqFxBA][LtYlqLW][C:\github\es6.8.8\elasticsearch-6.8.8\home\data\nodes\0] free: 68.9gb[14.4%], replicas will not be assigned to this node
[2022-03-30T21:22:37,686][INFO ][o.e.c.r.a.DiskThresholdMonitor] [LtYlqLW] low disk watermark [85%] exceeded on [LtYlqLWlRjC_OHodwqFxBA][LtYlqLW][C:\github\es6.8.8\elasticsearch-6.8.8\home\data\nodes\0] free: 68.9gb[14.4%], replicas will not be assigned to this node
[2022-03-30T21:23:07,690][INFO ][o.e.c.r.a.DiskThresholdMonitor] [LtYlqLW] low disk watermark [85%] exceeded on [LtYlqLWlRjC_OHodwqFxBA][LtYlqLW][C:\github\es6.8.8\elasticsearch-6.8.8\home\data\nodes\0] free: 68.9gb[14.4%], replicas will not be assigned to this node
[2022-03-30T21:23:37,692][INFO ][o.e.c.r.a.DiskThresholdMonitor] [LtYlqLW] low disk watermark [85%] exceeded on [LtYlqLWlRjC_OHodwqFxBA][LtYlqLW][C:\github\es6.8.8\elasticsearch-6.8.8\home\data\nodes\0] free: 68.9gb[14.4%], replicas will not be assigned to this node
[2022-03-30T21:24:07,694][INFO ][o.e.c.r.a.DiskThresholdMonitor] [LtYlqLW] low disk watermark [85%] exceeded on [LtYlqLWlRjC_OHodwqFxBA][LtYlqLW][C:\github\es6.8.8\elasticsearch-6.8.8\home\data\nodes\0] free: 68.9gb[14.4%], replicas will not be assigned to this node
[2022-03-30T21:24:37,699][INFO ][o.e.c.r.a.DiskThresholdMonitor] [LtYlqLW] low disk watermark [85%] exceeded on [LtYlqLWlRjC_OHodwqFxBA][LtYlqLW][C:\github\es6.8.8\elasticsearch-6.8.8\home\data\nodes\0] free: 68.9gb[14.4%], replicas will not be assigned to this node
[2022-03-30T21:25:07,702][INFO ][o.e.c.r.a.DiskThresholdMonitor] [LtYlqLW] low disk watermark [85%] exceeded on [LtYlqLWlRjC_OHodwqFxBA][LtYlqLW][C:\github\es6.8.8\elasticsearch-6.8.8\home\data\nodes\0] free: 68.9gb[14.4%], replicas will not be assigned to this node
[2022-03-30T21:25:37,707][INFO ][o.e.c.r.a.DiskThresholdMonitor] [LtYlqLW] low disk watermark [85%] exceeded on [LtYlqLWlRjC_OHodwqFxBA][LtYlqLW][C:\github\es6.8.8\elasticsearch-6.8.8\home\data\nodes\0] free: 68.9gb[14.4%], replicas will not be assigned to this node
[2022-03-30T21:26:07,710][INFO ][o.e.c.r.a.DiskThresholdMonitor] [LtYlqLW] low disk watermark [85%] exceeded on [LtYlqLWlRjC_OHodwqFxBA][LtYlqLW][C:\github\es6.8.8\elasticsearch-6.8.8\home\data\nodes\0] free: 68.9gb[14.4%], replicas will not be assigned to this node
[2022-03-30T21:26:37,713][INFO ][o.e.c.r.a.DiskThresholdMonitor] [LtYlqLW] low disk watermark [85%] exceeded on [LtYlqLWlRjC_OHodwqFxBA][LtYlqLW][C:\github\es6.8.8\elasticsearch-6.8.8\home\data\nodes\0] free: 68.9gb[14.4%], replicas will not be assigned to this node
[2022-03-30T21:27:07,715][INFO ][o.e.c.r.a.DiskThresholdMonitor] [LtYlqLW] low disk watermark [85%] exceeded on [LtYlqLWlRjC_OHodwqFxBA][LtYlqLW][C:\github\es6.8.8\elasticsearch-6.8.8\home\data\nodes\0] free: 68.9gb[14.4%], replicas will not be assigned to this node
[2022-03-30T21:27:37,717][INFO ][o.e.c.r.a.DiskThresholdMonitor] [LtYlqLW] low disk watermark [85%] exceeded on [LtYlqLWlRjC_OHodwqFxBA][LtYlqLW][C:\github\es6.8.8\elasticsearch-6.8.8\home\data\nodes\0] free: 68.9gb[14.4%], replicas will not be assigned to this node
[2022-03-30T21:28:07,719][INFO ][o.e.c.r.a.DiskThresholdMonitor] [LtYlqLW] low disk watermark [85%] exceeded on [LtYlqLWlRjC_OHodwqFxBA][LtYlqLW][C:\github\es6.8.8\elasticsearch-6.8.8\home\data\nodes\0] free: 68.9gb[14.4%], replicas will not be assigned to this node
[2022-03-30T21:28:37,722][INFO ][o.e.c.r.a.DiskThresholdMonitor] [LtYlqLW] low disk watermark [85%] exceeded on [LtYlqLWlRjC_OHodwqFxBA][LtYlqLW][C:\github\es6.8.8\elasticsearch-6.8.8\home\data\nodes\0] free: 68.9gb[14.4%], replicas will not be assigned to this node
[2022-03-30T21:29:07,725][INFO ][o.e.c.r.a.DiskThresholdMonitor] [LtYlqLW] low disk watermark [85%] exceeded on [LtYlqLWlRjC_OHodwqFxBA][LtYlqLW][C:\github\es6.8.8\elasticsearch-6.8.8\home\data\nodes\0] free: 68.9gb[14.4%], replicas will not be assigned to this node
[2022-03-30T21:29:37,728][INFO ][o.e.c.r.a.DiskThresholdMonitor] [LtYlqLW] low disk watermark [85%] exceeded on [LtYlqLWlRjC_OHodwqFxBA][LtYlqLW][C:\github\es6.8.8\elasticsearch-6.8.8\home\data\nodes\0] free: 68.9gb[14.4%], replicas will not be assigned to this node
[2022-03-30T21:30:07,729][INFO ][o.e.c.r.a.DiskThresholdMonitor] [LtYlqLW] low disk watermark [85%] exceeded on [LtYlqLWlRjC_OHodwqFxBA][LtYlqLW][C:\github\es6.8.8\elasticsearch-6.8.8\home\data\nodes\0] free: 68.9gb[14.4%], replicas will not be assigned to this node
[2022-03-30T21:30:37,729][INFO ][o.e.c.r.a.DiskThresholdMonitor] [LtYlqLW] low disk watermark [85%] exceeded on [LtYlqLWlRjC_OHodwqFxBA][LtYlqLW][C:\github\es6.8.8\elasticsearch-6.8.8\home\data\nodes\0] free: 68.9gb[14.4%], replicas will not be assigned to this node
[2022-03-30T21:31:07,732][INFO ][o.e.c.r.a.DiskThresholdMonitor] [LtYlqLW] low disk watermark [85%] exceeded on [LtYlqLWlRjC_OHodwqFxBA][LtYlqLW][C:\github\es6.8.8\elasticsearch-6.8.8\home\data\nodes\0] free: 68.9gb[14.4%], replicas will not be assigned to this node
[2022-03-30T21:31:37,734][INFO ][o.e.c.r.a.DiskThresholdMonitor] [LtYlqLW] low disk watermark [85%] exceeded on [LtYlqLWlRjC_OHodwqFxBA][LtYlqLW][C:\github\es6.8.8\elasticsearch-6.8.8\home\data\nodes\0] free: 68.9gb[14.4%], replicas will not be assigned to this node
[2022-03-30T21:32:07,737][INFO ][o.e.c.r.a.DiskThresholdMonitor] [LtYlqLW] low disk watermark [85%] exceeded on [LtYlqLWlRjC_OHodwqFxBA][LtYlqLW][C:\github\es6.8.8\elasticsearch-6.8.8\home\data\nodes\0] free: 68.9gb[14.4%], replicas will not be assigned to this node
[2022-03-30T21:32:37,753][INFO ][o.e.c.r.a.DiskThresholdMonitor] [LtYlqLW] low disk watermark [85%] exceeded on [LtYlqLWlRjC_OHodwqFxBA][LtYlqLW][C:\github\es6.8.8\elasticsearch-6.8.8\home\data\nodes\0] free: 68.9gb[14.4%], replicas will not be assigned to this node
[2022-03-30T21:33:07,759][INFO ][o.e.c.r.a.DiskThresholdMonitor] [LtYlqLW] low disk watermark [85%] exceeded on [LtYlqLWlRjC_OHodwqFxBA][LtYlqLW][C:\github\es6.8.8\elasticsearch-6.8.8\home\data\nodes\0] free: 68.9gb[14.4%], replicas will not be assigned to this node
[2022-03-30T21:33:37,773][INFO ][o.e.c.r.a.DiskThresholdMonitor] [LtYlqLW] low disk watermark [85%] exceeded on [LtYlqLWlRjC_OHodwqFxBA][LtYlqLW][C:\github\es6.8.8\elasticsearch-6.8.8\home\data\nodes\0] free: 68.9gb[14.4%], replicas will not be assigned to this node
[2022-03-30T21:34:07,780][INFO ][o.e.c.r.a.DiskThresholdMonitor] [LtYlqLW] low disk watermark [85%] exceeded on [LtYlqLWlRjC_OHodwqFxBA][LtYlqLW][C:\github\es6.8.8\elasticsearch-6.8.8\home\data\nodes\0] free: 68.9gb[14.4%], replicas will not be assigned to this node
[2022-03-30T21:34:37,792][INFO ][o.e.c.r.a.DiskThresholdMonitor] [LtYlqLW] low disk watermark [85%] exceeded on [LtYlqLWlRjC_OHodwqFxBA][LtYlqLW][C:\github\es6.8.8\elasticsearch-6.8.8\home\data\nodes\0] free: 68.9gb[14.4%], replicas will not be assigned to this node
[2022-03-30T21:35:07,799][INFO ][o.e.c.r.a.DiskThresholdMonitor] [LtYlqLW] low disk watermark [85%] exceeded on [LtYlqLWlRjC_OHodwqFxBA][LtYlqLW][C:\github\es6.8.8\elasticsearch-6.8.8\home\data\nodes\0] free: 68.9gb[14.4%], replicas will not be assigned to this node
[2022-03-30T21:35:37,802][INFO ][o.e.c.r.a.DiskThresholdMonitor] [LtYlqLW] low disk watermark [85%] exceeded on [LtYlqLWlRjC_OHodwqFxBA][LtYlqLW][C:\github\es6.8.8\elasticsearch-6.8.8\home\data\nodes\0] free: 68.9gb[14.4%], replicas will not be assigned to this node
[2022-03-30T21:36:07,816][INFO ][o.e.c.r.a.DiskThresholdMonitor] [LtYlqLW] low disk watermark [85%] exceeded on [LtYlqLWlRjC_OHodwqFxBA][LtYlqLW][C:\github\es6.8.8\elasticsearch-6.8.8\home\data\nodes\0] free: 68.9gb[14.4%], replicas will not be assigned to this node
[2022-03-30T21:36:37,832][INFO ][o.e.c.r.a.DiskThresholdMonitor] [LtYlqLW] low disk watermark [85%] exceeded on [LtYlqLWlRjC_OHodwqFxBA][LtYlqLW][C:\github\es6.8.8\elasticsearch-6.8.8\home\data\nodes\0] free: 68.9gb[14.4%], replicas will not be assigned to this node
[2022-03-30T21:37:07,839][INFO ][o.e.c.r.a.DiskThresholdMonitor] [LtYlqLW] low disk watermark [85%] exceeded on [LtYlqLWlRjC_OHodwqFxBA][LtYlqLW][C:\github\es6.8.8\elasticsearch-6.8.8\home\data\nodes\0] free: 68.9gb[14.4%], replicas will not be assigned to this node
[2022-03-30T21:37:37,851][INFO ][o.e.c.r.a.DiskThresholdMonitor] [LtYlqLW] low disk watermark [85%] exceeded on [LtYlqLWlRjC_OHodwqFxBA][LtYlqLW][C:\github\es6.8.8\elasticsearch-6.8.8\home\data\nodes\0] free: 68.9gb[14.4%], replicas will not be assigned to this node
[2022-03-30T21:38:07,864][INFO ][o.e.c.r.a.DiskThresholdMonitor] [LtYlqLW] low disk watermark [85%] exceeded on [LtYlqLWlRjC_OHodwqFxBA][LtYlqLW][C:\github\es6.8.8\elasticsearch-6.8.8\home\data\nodes\0] free: 68.9gb[14.4%], replicas will not be assigned to this node
[2022-03-30T21:38:37,875][INFO ][o.e.c.r.a.DiskThresholdMonitor] [LtYlqLW] low disk watermark [85%] exceeded on [LtYlqLWlRjC_OHodwqFxBA][LtYlqLW][C:\github\es6.8.8\elasticsearch-6.8.8\home\data\nodes\0] free: 68.9gb[14.4%], replicas will not be assigned to this node
[2022-03-30T21:39:07,881][INFO ][o.e.c.r.a.DiskThresholdMonitor] [LtYlqLW] low disk watermark [85%] exceeded on [LtYlqLWlRjC_OHodwqFxBA][LtYlqLW][C:\github\es6.8.8\elasticsearch-6.8.8\home\data\nodes\0] free: 68.9gb[14.4%], replicas will not be assigned to this node
[2022-03-30T21:39:37,892][INFO ][o.e.c.r.a.DiskThresholdMonitor] [LtYlqLW] low disk watermark [85%] exceeded on [LtYlqLWlRjC_OHodwqFxBA][LtYlqLW][C:\github\es6.8.8\elasticsearch-6.8.8\home\data\nodes\0] free: 68.9gb[14.4%], replicas will not be assigned to this node
[2022-03-30T21:40:07,894][INFO ][o.e.c.r.a.DiskThresholdMonitor] [LtYlqLW] low disk watermark [85%] exceeded on [LtYlqLWlRjC_OHodwqFxBA][LtYlqLW][C:\github\es6.8.8\elasticsearch-6.8.8\home\data\nodes\0] free: 68.9gb[14.4%], replicas will not be assigned to this node
[2022-03-30T21:40:37,900][INFO ][o.e.c.r.a.DiskThresholdMonitor] [LtYlqLW] low disk watermark [85%] exceeded on [LtYlqLWlRjC_OHodwqFxBA][LtYlqLW][C:\github\es6.8.8\elasticsearch-6.8.8\home\data\nodes\0] free: 68.9gb[14.4%], replicas will not be assigned to this node
[2022-03-30T21:41:07,904][INFO ][o.e.c.r.a.DiskThresholdMonitor] [LtYlqLW] low disk watermark [85%] exceeded on [LtYlqLWlRjC_OHodwqFxBA][LtYlqLW][C:\github\es6.8.8\elasticsearch-6.8.8\home\data\nodes\0] free: 68.9gb[14.4%], replicas will not be assigned to this node
[2022-03-30T21:41:37,920][INFO ][o.e.c.r.a.DiskThresholdMonitor] [LtYlqLW] low disk watermark [85%] exceeded on [LtYlqLWlRjC_OHodwqFxBA][LtYlqLW][C:\github\es6.8.8\elasticsearch-6.8.8\home\data\nodes\0] free: 68.9gb[14.4%], replicas will not be assigned to this node
[2022-03-30T21:42:07,925][INFO ][o.e.c.r.a.DiskThresholdMonitor] [LtYlqLW] low disk watermark [85%] exceeded on [LtYlqLWlRjC_OHodwqFxBA][LtYlqLW][C:\github\es6.8.8\elasticsearch-6.8.8\home\data\nodes\0] free: 68.9gb[14.4%], replicas will not be assigned to this node
[2022-03-30T21:42:37,927][INFO ][o.e.c.r.a.DiskThresholdMonitor] [LtYlqLW] low disk watermark [85%] exceeded on [LtYlqLWlRjC_OHodwqFxBA][LtYlqLW][C:\github\es6.8.8\elasticsearch-6.8.8\home\data\nodes\0] free: 68.9gb[14.4%], replicas will not be assigned to this node
[2022-03-30T21:43:07,929][INFO ][o.e.c.r.a.DiskThresholdMonitor] [LtYlqLW] low disk watermark [85%] exceeded on [LtYlqLWlRjC_OHodwqFxBA][LtYlqLW][C:\github\es6.8.8\elasticsearch-6.8.8\home\data\nodes\0] free: 68.9gb[14.4%], replicas will not be assigned to this node
[2022-03-30T21:43:37,931][INFO ][o.e.c.r.a.DiskThresholdMonitor] [LtYlqLW] low disk watermark [85%] exceeded on [LtYlqLWlRjC_OHodwqFxBA][LtYlqLW][C:\github\es6.8.8\elasticsearch-6.8.8\home\data\nodes\0] free: 68.9gb[14.4%], replicas will not be assigned to this node
[2022-03-30T21:44:07,932][INFO ][o.e.c.r.a.DiskThresholdMonitor] [LtYlqLW] low disk watermark [85%] exceeded on [LtYlqLWlRjC_OHodwqFxBA][LtYlqLW][C:\github\es6.8.8\elasticsearch-6.8.8\home\data\nodes\0] free: 68.9gb[14.4%], replicas will not be assigned to this node
[2022-03-30T21:44:37,935][INFO ][o.e.c.r.a.DiskThresholdMonitor] [LtYlqLW] low disk watermark [85%] exceeded on [LtYlqLWlRjC_OHodwqFxBA][LtYlqLW][C:\github\es6.8.8\elasticsearch-6.8.8\home\data\nodes\0] free: 68.9gb[14.4%], replicas will not be assigned to this node
[2022-03-30T21:45:07,937][INFO ][o.e.c.r.a.DiskThresholdMonitor] [LtYlqLW] low disk watermark [85%] exceeded on [LtYlqLWlRjC_OHodwqFxBA][LtYlqLW][C:\github\es6.8.8\elasticsearch-6.8.8\home\data\nodes\0] free: 68.9gb[14.4%], replicas will not be assigned to this node
[2022-03-30T21:45:37,940][INFO ][o.e.c.r.a.DiskThresholdMonitor] [LtYlqLW] low disk watermark [85%] exceeded on [LtYlqLWlRjC_OHodwqFxBA][LtYlqLW][C:\github\es6.8.8\elasticsearch-6.8.8\home\data\nodes\0] free: 68.9gb[14.4%], replicas will not be assigned to this node
[2022-03-30T21:46:07,941][INFO ][o.e.c.r.a.DiskThresholdMonitor] [LtYlqLW] low disk watermark [85%] exceeded on [LtYlqLWlRjC_OHodwqFxBA][LtYlqLW][C:\github\es6.8.8\elasticsearch-6.8.8\home\data\nodes\0] free: 68.9gb[14.4%], replicas will not be assigned to this node
[2022-03-30T21:46:37,943][INFO ][o.e.c.r.a.DiskThresholdMonitor] [LtYlqLW] low disk watermark [85%] exceeded on [LtYlqLWlRjC_OHodwqFxBA][LtYlqLW][C:\github\es6.8.8\elasticsearch-6.8.8\home\data\nodes\0] free: 68.9gb[14.4%], replicas will not be assigned to this node
[2022-03-30T21:47:07,944][INFO ][o.e.c.r.a.DiskThresholdMonitor] [LtYlqLW] low disk watermark [85%] exceeded on [LtYlqLWlRjC_OHodwqFxBA][LtYlqLW][C:\github\es6.8.8\elasticsearch-6.8.8\home\data\nodes\0] free: 68.9gb[14.4%], replicas will not be assigned to this node
[2022-03-30T21:47:37,948][INFO ][o.e.c.r.a.DiskThresholdMonitor] [LtYlqLW] low disk watermark [85%] exceeded on [LtYlqLWlRjC_OHodwqFxBA][LtYlqLW][C:\github\es6.8.8\elasticsearch-6.8.8\home\data\nodes\0] free: 68.9gb[14.4%], replicas will not be assigned to this node
[2022-03-30T21:48:07,959][INFO ][o.e.c.r.a.DiskThresholdMonitor] [LtYlqLW] low disk watermark [85%] exceeded on [LtYlqLWlRjC_OHodwqFxBA][LtYlqLW][C:\github\es6.8.8\elasticsearch-6.8.8\home\data\nodes\0] free: 68.9gb[14.4%], replicas will not be assigned to this node
[2022-03-30T21:48:37,961][INFO ][o.e.c.r.a.DiskThresholdMonitor] [LtYlqLW] low disk watermark [85%] exceeded on [LtYlqLWlRjC_OHodwqFxBA][LtYlqLW][C:\github\es6.8.8\elasticsearch-6.8.8\home\data\nodes\0] free: 68.9gb[14.4%], replicas will not be assigned to this node
[2022-03-30T21:49:07,963][INFO ][o.e.c.r.a.DiskThresholdMonitor] [LtYlqLW] low disk watermark [85%] exceeded on [LtYlqLWlRjC_OHodwqFxBA][LtYlqLW][C:\github\es6.8.8\elasticsearch-6.8.8\home\data\nodes\0] free: 68.9gb[14.4%], replicas will not be assigned to this node
[2022-03-30T21:49:37,966][INFO ][o.e.c.r.a.DiskThresholdMonitor] [LtYlqLW] low disk watermark [85%] exceeded on [LtYlqLWlRjC_OHodwqFxBA][LtYlqLW][C:\github\es6.8.8\elasticsearch-6.8.8\home\data\nodes\0] free: 68.9gb[14.4%], replicas will not be assigned to this node
[2022-03-30T21:50:07,974][INFO ][o.e.c.r.a.DiskThresholdMonitor] [LtYlqLW] low disk watermark [85%] exceeded on [LtYlqLWlRjC_OHodwqFxBA][LtYlqLW][C:\github\es6.8.8\elasticsearch-6.8.8\home\data\nodes\0] free: 68.9gb[14.4%], replicas will not be assigned to this node
[2022-03-30T21:50:37,987][INFO ][o.e.c.r.a.DiskThresholdMonitor] [LtYlqLW] low disk watermark [85%] exceeded on [LtYlqLWlRjC_OHodwqFxBA][LtYlqLW][C:\github\es6.8.8\elasticsearch-6.8.8\home\data\nodes\0] free: 68.9gb[14.4%], replicas will not be assigned to this node
[2022-03-30T21:51:07,999][INFO ][o.e.c.r.a.DiskThresholdMonitor] [LtYlqLW] low disk watermark [85%] exceeded on [LtYlqLWlRjC_OHodwqFxBA][LtYlqLW][C:\github\es6.8.8\elasticsearch-6.8.8\home\data\nodes\0] free: 68.9gb[14.4%], replicas will not be assigned to this node
[2022-03-30T21:51:38,009][INFO ][o.e.c.r.a.DiskThresholdMonitor] [LtYlqLW] low disk watermark [85%] exceeded on [LtYlqLWlRjC_OHodwqFxBA][LtYlqLW][C:\github\es6.8.8\elasticsearch-6.8.8\home\data\nodes\0] free: 68.9gb[14.4%], replicas will not be assigned to this node
[2022-03-30T21:52:08,024][INFO ][o.e.c.r.a.DiskThresholdMonitor] [LtYlqLW] low disk watermark [85%] exceeded on [LtYlqLWlRjC_OHodwqFxBA][LtYlqLW][C:\github\es6.8.8\elasticsearch-6.8.8\home\data\nodes\0] free: 68.9gb[14.4%], replicas will not be assigned to this node
[2022-03-30T21:52:38,038][INFO ][o.e.c.r.a.DiskThresholdMonitor] [LtYlqLW] low disk watermark [85%] exceeded on [LtYlqLWlRjC_OHodwqFxBA][LtYlqLW][C:\github\es6.8.8\elasticsearch-6.8.8\home\data\nodes\0] free: 68.9gb[14.4%], replicas will not be assigned to this node
[2022-03-30T21:53:08,044][INFO ][o.e.c.r.a.DiskThresholdMonitor] [LtYlqLW] low disk watermark [85%] exceeded on [LtYlqLWlRjC_OHodwqFxBA][LtYlqLW][C:\github\es6.8.8\elasticsearch-6.8.8\home\data\nodes\0] free: 68.9gb[14.4%], replicas will not be assigned to this node
[2022-03-30T21:53:38,050][INFO ][o.e.c.r.a.DiskThresholdMonitor] [LtYlqLW] low disk watermark [85%] exceeded on [LtYlqLWlRjC_OHodwqFxBA][LtYlqLW][C:\github\es6.8.8\elasticsearch-6.8.8\home\data\nodes\0] free: 68.9gb[14.4%], replicas will not be assigned to this node
[2022-03-30T21:54:08,062][INFO ][o.e.c.r.a.DiskThresholdMonitor] [LtYlqLW] low disk watermark [85%] exceeded on [LtYlqLWlRjC_OHodwqFxBA][LtYlqLW][C:\github\es6.8.8\elasticsearch-6.8.8\home\data\nodes\0] free: 68.9gb[14.4%], replicas will not be assigned to this node
[2022-03-30T21:54:38,069][INFO ][o.e.c.r.a.DiskThresholdMonitor] [LtYlqLW] low disk watermark [85%] exceeded on [LtYlqLWlRjC_OHodwqFxBA][LtYlqLW][C:\github\es6.8.8\elasticsearch-6.8.8\home\data\nodes\0] free: 68.9gb[14.4%], replicas will not be assigned to this node
[2022-03-30T21:55:08,072][INFO ][o.e.c.r.a.DiskThresholdMonitor] [LtYlqLW] low disk watermark [85%] exceeded on [LtYlqLWlRjC_OHodwqFxBA][LtYlqLW][C:\github\es6.8.8\elasticsearch-6.8.8\home\data\nodes\0] free: 68.9gb[14.4%], replicas will not be assigned to this node
[2022-03-30T21:55:38,078][INFO ][o.e.c.r.a.DiskThresholdMonitor] [LtYlqLW] low disk watermark [85%] exceeded on [LtYlqLWlRjC_OHodwqFxBA][LtYlqLW][C:\github\es6.8.8\elasticsearch-6.8.8\home\data\nodes\0] free: 68.9gb[14.4%], replicas will not be assigned to this node
[2022-03-30T21:56:08,090][INFO ][o.e.c.r.a.DiskThresholdMonitor] [LtYlqLW] low disk watermark [85%] exceeded on [LtYlqLWlRjC_OHodwqFxBA][LtYlqLW][C:\github\es6.8.8\elasticsearch-6.8.8\home\data\nodes\0] free: 68.9gb[14.4%], replicas will not be assigned to this node
[2022-03-30T21:56:38,096][INFO ][o.e.c.r.a.DiskThresholdMonitor] [LtYlqLW] low disk watermark [85%] exceeded on [LtYlqLWlRjC_OHodwqFxBA][LtYlqLW][C:\github\es6.8.8\elasticsearch-6.8.8\home\data\nodes\0] free: 68.9gb[14.4%], replicas will not be assigned to this node
[2022-03-30T21:57:08,101][INFO ][o.e.c.r.a.DiskThresholdMonitor] [LtYlqLW] low disk watermark [85%] exceeded on [LtYlqLWlRjC_OHodwqFxBA][LtYlqLW][C:\github\es6.8.8\elasticsearch-6.8.8\home\data\nodes\0] free: 68.9gb[14.4%], replicas will not be assigned to this node
[2022-03-30T21:57:38,109][INFO ][o.e.c.r.a.DiskThresholdMonitor] [LtYlqLW] low disk watermark [85%] exceeded on [LtYlqLWlRjC_OHodwqFxBA][LtYlqLW][C:\github\es6.8.8\elasticsearch-6.8.8\home\data\nodes\0] free: 68.9gb[14.4%], replicas will not be assigned to this node
[2022-03-30T21:58:08,125][INFO ][o.e.c.r.a.DiskThresholdMonitor] [LtYlqLW] low disk watermark [85%] exceeded on [LtYlqLWlRjC_OHodwqFxBA][LtYlqLW][C:\github\es6.8.8\elasticsearch-6.8.8\home\data\nodes\0] free: 68.9gb[14.4%], replicas will not be assigned to this node
[2022-03-30T21:58:38,129][INFO ][o.e.c.r.a.DiskThresholdMonitor] [LtYlqLW] low disk watermark [85%] exceeded on [LtYlqLWlRjC_OHodwqFxBA][LtYlqLW][C:\github\es6.8.8\elasticsearch-6.8.8\home\data\nodes\0] free: 68.9gb[14.4%], replicas will not be assigned to this node
[2022-03-30T21:59:08,138][INFO ][o.e.c.r.a.DiskThresholdMonitor] [LtYlqLW] low disk watermark [85%] exceeded on [LtYlqLWlRjC_OHodwqFxBA][LtYlqLW][C:\github\es6.8.8\elasticsearch-6.8.8\home\data\nodes\0] free: 68.9gb[14.4%], replicas will not be assigned to this node
[2022-03-30T21:59:38,155][INFO ][o.e.c.r.a.DiskThresholdMonitor] [LtYlqLW] low disk watermark [85%] exceeded on [LtYlqLWlRjC_OHodwqFxBA][LtYlqLW][C:\github\es6.8.8\elasticsearch-6.8.8\home\data\nodes\0] free: 68.9gb[14.4%], replicas will not be assigned to this node
[2022-03-30T22:00:08,156][INFO ][o.e.c.r.a.DiskThresholdMonitor] [LtYlqLW] low disk watermark [85%] exceeded on [LtYlqLWlRjC_OHodwqFxBA][LtYlqLW][C:\github\es6.8.8\elasticsearch-6.8.8\home\data\nodes\0] free: 68.9gb[14.4%], replicas will not be assigned to this node
[2022-03-30T22:00:38,165][INFO ][o.e.c.r.a.DiskThresholdMonitor] [LtYlqLW] low disk watermark [85%] exceeded on [LtYlqLWlRjC_OHodwqFxBA][LtYlqLW][C:\github\es6.8.8\elasticsearch-6.8.8\home\data\nodes\0] free: 68.9gb[14.4%], replicas will not be assigned to this node
[2022-03-30T22:01:08,181][INFO ][o.e.c.r.a.DiskThresholdMonitor] [LtYlqLW] low disk watermark [85%] exceeded on [LtYlqLWlRjC_OHodwqFxBA][LtYlqLW][C:\github\es6.8.8\elasticsearch-6.8.8\home\data\nodes\0] free: 68.9gb[14.4%], replicas will not be assigned to this node
[2022-03-30T22:01:38,197][INFO ][o.e.c.r.a.DiskThresholdMonitor] [LtYlqLW] low disk watermark [85%] exceeded on [LtYlqLWlRjC_OHodwqFxBA][LtYlqLW][C:\github\es6.8.8\elasticsearch-6.8.8\home\data\nodes\0] free: 68.9gb[14.4%], replicas will not be assigned to this node
[2022-03-30T22:02:08,201][INFO ][o.e.c.r.a.DiskThresholdMonitor] [LtYlqLW] low disk watermark [85%] exceeded on [LtYlqLWlRjC_OHodwqFxBA][LtYlqLW][C:\github\es6.8.8\elasticsearch-6.8.8\home\data\nodes\0] free: 68.9gb[14.4%], replicas will not be assigned to this node
[2022-03-30T22:02:38,214][INFO ][o.e.c.r.a.DiskThresholdMonitor] [LtYlqLW] low disk watermark [85%] exceeded on [LtYlqLWlRjC_OHodwqFxBA][LtYlqLW][C:\github\es6.8.8\elasticsearch-6.8.8\home\data\nodes\0] free: 68.9gb[14.4%], replicas will not be assigned to this node
[2022-03-30T22:03:08,228][INFO ][o.e.c.r.a.DiskThresholdMonitor] [LtYlqLW] low disk watermark [85%] exceeded on [LtYlqLWlRjC_OHodwqFxBA][LtYlqLW][C:\github\es6.8.8\elasticsearch-6.8.8\home\data\nodes\0] free: 68.9gb[14.4%], replicas will not be assigned to this node
[2022-03-30T22:03:38,245][INFO ][o.e.c.r.a.DiskThresholdMonitor] [LtYlqLW] low disk watermark [85%] exceeded on [LtYlqLWlRjC_OHodwqFxBA][LtYlqLW][C:\github\es6.8.8\elasticsearch-6.8.8\home\data\nodes\0] free: 68.9gb[14.4%], replicas will not be assigned to this node
[2022-03-30T22:04:08,256][INFO ][o.e.c.r.a.DiskThresholdMonitor] [LtYlqLW] low disk watermark [85%] exceeded on [LtYlqLWlRjC_OHodwqFxBA][LtYlqLW][C:\github\es6.8.8\elasticsearch-6.8.8\home\data\nodes\0] free: 68.9gb[14.4%], replicas will not be assigned to this node
[2022-03-30T22:04:38,263][INFO ][o.e.c.r.a.DiskThresholdMonitor] [LtYlqLW] low disk watermark [85%] exceeded on [LtYlqLWlRjC_OHodwqFxBA][LtYlqLW][C:\github\es6.8.8\elasticsearch-6.8.8\home\data\nodes\0] free: 68.9gb[14.4%], replicas will not be assigned to this node
[2022-03-30T22:05:08,270][INFO ][o.e.c.r.a.DiskThresholdMonitor] [LtYlqLW] low disk watermark [85%] exceeded on [LtYlqLWlRjC_OHodwqFxBA][LtYlqLW][C:\github\es6.8.8\elasticsearch-6.8.8\home\data\nodes\0] free: 68.9gb[14.4%], replicas will not be assigned to this node
[2022-03-30T22:05:38,274][INFO ][o.e.c.r.a.DiskThresholdMonitor] [LtYlqLW] low disk watermark [85%] exceeded on [LtYlqLWlRjC_OHodwqFxBA][LtYlqLW][C:\github\es6.8.8\elasticsearch-6.8.8\home\data\nodes\0] free: 68.9gb[14.4%], replicas will not be assigned to this node
[2022-03-30T22:06:08,294][INFO ][o.e.c.r.a.DiskThresholdMonitor] [LtYlqLW] low disk watermark [85%] exceeded on [LtYlqLWlRjC_OHodwqFxBA][LtYlqLW][C:\github\es6.8.8\elasticsearch-6.8.8\home\data\nodes\0] free: 68.9gb[14.4%], replicas will not be assigned to this node
[2022-03-30T22:06:38,297][INFO ][o.e.c.r.a.DiskThresholdMonitor] [LtYlqLW] low disk watermark [85%] exceeded on [LtYlqLWlRjC_OHodwqFxBA][LtYlqLW][C:\github\es6.8.8\elasticsearch-6.8.8\home\data\nodes\0] free: 68.9gb[14.4%], replicas will not be assigned to this node
[2022-03-30T22:07:08,309][INFO ][o.e.c.r.a.DiskThresholdMonitor] [LtYlqLW] low disk watermark [85%] exceeded on [LtYlqLWlRjC_OHodwqFxBA][LtYlqLW][C:\github\es6.8.8\elasticsearch-6.8.8\home\data\nodes\0] free: 68.9gb[14.4%], replicas will not be assigned to this node
[2022-03-30T22:07:38,320][INFO ][o.e.c.r.a.DiskThresholdMonitor] [LtYlqLW] low disk watermark [85%] exceeded on [LtYlqLWlRjC_OHodwqFxBA][LtYlqLW][C:\github\es6.8.8\elasticsearch-6.8.8\home\data\nodes\0] free: 68.9gb[14.4%], replicas will not be assigned to this node
[2022-03-30T22:08:08,325][INFO ][o.e.c.r.a.DiskThresholdMonitor] [LtYlqLW] low disk watermark [85%] exceeded on [LtYlqLWlRjC_OHodwqFxBA][LtYlqLW][C:\github\es6.8.8\elasticsearch-6.8.8\home\data\nodes\0] free: 68.9gb[14.4%], replicas will not be assigned to this node
[2022-03-30T22:08:38,335][INFO ][o.e.c.r.a.DiskThresholdMonitor] [LtYlqLW] low disk watermark [85%] exceeded on [LtYlqLWlRjC_OHodwqFxBA][LtYlqLW][C:\github\es6.8.8\elasticsearch-6.8.8\home\data\nodes\0] free: 68.9gb[14.4%], replicas will not be assigned to this node
[2022-03-30T22:09:08,338][INFO ][o.e.c.r.a.DiskThresholdMonitor] [LtYlqLW] low disk watermark [85%] exceeded on [LtYlqLWlRjC_OHodwqFxBA][LtYlqLW][C:\github\es6.8.8\elasticsearch-6.8.8\home\data\nodes\0] free: 68.9gb[14.4%], replicas will not be assigned to this node
[2022-03-30T22:09:38,350][INFO ][o.e.c.r.a.DiskThresholdMonitor] [LtYlqLW] low disk watermark [85%] exceeded on [LtYlqLWlRjC_OHodwqFxBA][LtYlqLW][C:\github\es6.8.8\elasticsearch-6.8.8\home\data\nodes\0] free: 68.9gb[14.4%], replicas will not be assigned to this node
[2022-03-30T22:10:08,354][INFO ][o.e.c.r.a.DiskThresholdMonitor] [LtYlqLW] low disk watermark [85%] exceeded on [LtYlqLWlRjC_OHodwqFxBA][LtYlqLW][C:\github\es6.8.8\elasticsearch-6.8.8\home\data\nodes\0] free: 68.9gb[14.4%], replicas will not be assigned to this node
[2022-03-30T22:10:38,358][INFO ][o.e.c.r.a.DiskThresholdMonitor] [LtYlqLW] low disk watermark [85%] exceeded on [LtYlqLWlRjC_OHodwqFxBA][LtYlqLW][C:\github\es6.8.8\elasticsearch-6.8.8\home\data\nodes\0] free: 68.9gb[14.4%], replicas will not be assigned to this node
[2022-03-30T22:11:08,373][INFO ][o.e.c.r.a.DiskThresholdMonitor] [LtYlqLW] low disk watermark [85%] exceeded on [LtYlqLWlRjC_OHodwqFxBA][LtYlqLW][C:\github\es6.8.8\elasticsearch-6.8.8\home\data\nodes\0] free: 68.9gb[14.4%], replicas will not be assigned to this node
[2022-03-30T22:11:38,387][INFO ][o.e.c.r.a.DiskThresholdMonitor] [LtYlqLW] low disk watermark [85%] exceeded on [LtYlqLWlRjC_OHodwqFxBA][LtYlqLW][C:\github\es6.8.8\elasticsearch-6.8.8\home\data\nodes\0] free: 68.9gb[14.4%], replicas will not be assigned to this node
[2022-03-30T22:12:08,402][INFO ][o.e.c.r.a.DiskThresholdMonitor] [LtYlqLW] low disk watermark [85%] exceeded on [LtYlqLWlRjC_OHodwqFxBA][LtYlqLW][C:\github\es6.8.8\elasticsearch-6.8.8\home\data\nodes\0] free: 68.9gb[14.4%], replicas will not be assigned to this node
[2022-03-30T22:12:38,418][INFO ][o.e.c.r.a.DiskThresholdMonitor] [LtYlqLW] low disk watermark [85%] exceeded on [LtYlqLWlRjC_OHodwqFxBA][LtYlqLW][C:\github\es6.8.8\elasticsearch-6.8.8\home\data\nodes\0] free: 68.9gb[14.4%], replicas will not be assigned to this node
[2022-03-30T22:13:08,433][INFO ][o.e.c.r.a.DiskThresholdMonitor] [LtYlqLW] low disk watermark [85%] exceeded on [LtYlqLWlRjC_OHodwqFxBA][LtYlqLW][C:\github\es6.8.8\elasticsearch-6.8.8\home\data\nodes\0] free: 68.9gb[14.4%], replicas will not be assigned to this node
[2022-03-30T22:13:38,435][INFO ][o.e.c.r.a.DiskThresholdMonitor] [LtYlqLW] low disk watermark [85%] exceeded on [LtYlqLWlRjC_OHodwqFxBA][LtYlqLW][C:\github\es6.8.8\elasticsearch-6.8.8\home\data\nodes\0] free: 68.9gb[14.4%], replicas will not be assigned to this node
[2022-03-30T22:14:08,446][INFO ][o.e.c.r.a.DiskThresholdMonitor] [LtYlqLW] low disk watermark [85%] exceeded on [LtYlqLWlRjC_OHodwqFxBA][LtYlqLW][C:\github\es6.8.8\elasticsearch-6.8.8\home\data\nodes\0] free: 68.9gb[14.4%], replicas will not be assigned to this node
[2022-03-30T22:14:38,461][INFO ][o.e.c.r.a.DiskThresholdMonitor] [LtYlqLW] low disk watermark [85%] exceeded on [LtYlqLWlRjC_OHodwqFxBA][LtYlqLW][C:\github\es6.8.8\elasticsearch-6.8.8\home\data\nodes\0] free: 68.9gb[14.4%], replicas will not be assigned to this node
[2022-03-30T22:15:08,477][INFO ][o.e.c.r.a.DiskThresholdMonitor] [LtYlqLW] low disk watermark [85%] exceeded on [LtYlqLWlRjC_OHodwqFxBA][LtYlqLW][C:\github\es6.8.8\elasticsearch-6.8.8\home\data\nodes\0] free: 68.9gb[14.4%], replicas will not be assigned to this node
[2022-03-30T22:15:38,480][INFO ][o.e.c.r.a.DiskThresholdMonitor] [LtYlqLW] low disk watermark [85%] exceeded on [LtYlqLWlRjC_OHodwqFxBA][LtYlqLW][C:\github\es6.8.8\elasticsearch-6.8.8\home\data\nodes\0] free: 68.9gb[14.4%], replicas will not be assigned to this node
[2022-03-30T22:16:08,485][INFO ][o.e.c.r.a.DiskThresholdMonitor] [LtYlqLW] low disk watermark [85%] exceeded on [LtYlqLWlRjC_OHodwqFxBA][LtYlqLW][C:\github\es6.8.8\elasticsearch-6.8.8\home\data\nodes\0] free: 68.9gb[14.4%], replicas will not be assigned to this node
[2022-03-30T22:16:38,493][INFO ][o.e.c.r.a.DiskThresholdMonitor] [LtYlqLW] low disk watermark [85%] exceeded on [LtYlqLWlRjC_OHodwqFxBA][LtYlqLW][C:\github\es6.8.8\elasticsearch-6.8.8\home\data\nodes\0] free: 68.9gb[14.4%], replicas will not be assigned to this node
[2022-03-30T22:17:08,495][INFO ][o.e.c.r.a.DiskThresholdMonitor] [LtYlqLW] low disk watermark [85%] exceeded on [LtYlqLWlRjC_OHodwqFxBA][LtYlqLW][C:\github\es6.8.8\elasticsearch-6.8.8\home\data\nodes\0] free: 68.9gb[14.4%], replicas will not be assigned to this node
[2022-03-30T22:17:38,500][INFO ][o.e.c.r.a.DiskThresholdMonitor] [LtYlqLW] low disk watermark [85%] exceeded on [LtYlqLWlRjC_OHodwqFxBA][LtYlqLW][C:\github\es6.8.8\elasticsearch-6.8.8\home\data\nodes\0] free: 68.9gb[14.4%], replicas will not be assigned to this node
[2022-03-30T22:18:08,511][INFO ][o.e.c.r.a.DiskThresholdMonitor] [LtYlqLW] low disk watermark [85%] exceeded on [LtYlqLWlRjC_OHodwqFxBA][LtYlqLW][C:\github\es6.8.8\elasticsearch-6.8.8\home\data\nodes\0] free: 68.9gb[14.4%], replicas will not be assigned to this node
[2022-03-30T22:18:38,518][INFO ][o.e.c.r.a.DiskThresholdMonitor] [LtYlqLW] low disk watermark [85%] exceeded on [LtYlqLWlRjC_OHodwqFxBA][LtYlqLW][C:\github\es6.8.8\elasticsearch-6.8.8\home\data\nodes\0] free: 68.9gb[14.4%], replicas will not be assigned to this node
[2022-03-30T22:19:08,527][INFO ][o.e.c.r.a.DiskThresholdMonitor] [LtYlqLW] low disk watermark [85%] exceeded on [LtYlqLWlRjC_OHodwqFxBA][LtYlqLW][C:\github\es6.8.8\elasticsearch-6.8.8\home\data\nodes\0] free: 68.9gb[14.4%], replicas will not be assigned to this node
[2022-03-30T22:19:38,540][INFO ][o.e.c.r.a.DiskThresholdMonitor] [LtYlqLW] low disk watermark [85%] exceeded on [LtYlqLWlRjC_OHodwqFxBA][LtYlqLW][C:\github\es6.8.8\elasticsearch-6.8.8\home\data\nodes\0] free: 68.9gb[14.4%], replicas will not be assigned to this node
[2022-03-30T22:20:08,549][INFO ][o.e.c.r.a.DiskThresholdMonitor] [LtYlqLW] low disk watermark [85%] exceeded on [LtYlqLWlRjC_OHodwqFxBA][LtYlqLW][C:\github\es6.8.8\elasticsearch-6.8.8\home\data\nodes\0] free: 68.9gb[14.4%], replicas will not be assigned to this node
[2022-03-30T22:20:38,563][INFO ][o.e.c.r.a.DiskThresholdMonitor] [LtYlqLW] low disk watermark [85%] exceeded on [LtYlqLWlRjC_OHodwqFxBA][LtYlqLW][C:\github\es6.8.8\elasticsearch-6.8.8\home\data\nodes\0] free: 68.9gb[14.4%], replicas will not be assigned to this node
